{"/home/jsipling/src/github.com/jsipling/GenPrint/src/App.tsx": {"path":"/home/jsipling/src/github.com/jsipling/GenPrint/src/App.tsx","statementMap":{"0":{"start":{"line":13,"column":20},"end":{"line":13,"column":null}},"1":{"start":{"line":14,"column":22},"end":{"line":14,"column":null}},"2":{"start":{"line":15,"column":20},"end":{"line":15,"column":null}},"3":{"start":{"line":17,"column":2},"end":{"line":24,"column":null}},"4":{"start":{"line":18,"column":4},"end":{"line":23,"column":null}},"5":{"start":{"line":19,"column":21},"end":{"line":19,"column":null}},"6":{"start":{"line":20,"column":6},"end":{"line":20,"column":null}},"7":{"start":{"line":22,"column":6},"end":{"line":22,"column":null}},"8":{"start":{"line":25,"column":2},"end":{"line":25,"column":null}},"9":{"start":{"line":30,"column":20},"end":{"line":30,"column":null}},"10":{"start":{"line":31,"column":2},"end":{"line":31,"column":null}},"11":{"start":{"line":32,"column":2},"end":{"line":32,"column":null}},"12":{"start":{"line":33,"column":17},"end":{"line":33,"column":null}},"13":{"start":{"line":34,"column":2},"end":{"line":34,"column":null}},"14":{"start":{"line":38,"column":2},"end":{"line":41,"column":null}},"15":{"start":{"line":39,"column":4},"end":{"line":39,"column":null}},"16":{"start":{"line":40,"column":4},"end":{"line":40,"column":null}},"17":{"start":{"line":46,"column":27},"end":{"line":46,"column":null}},"18":{"start":{"line":47,"column":2},"end":{"line":49,"column":null}},"19":{"start":{"line":48,"column":4},"end":{"line":48,"column":null}},"20":{"start":{"line":52,"column":26},"end":{"line":52,"column":null}},"21":{"start":{"line":55,"column":48},"end":{"line":61,"column":null}},"22":{"start":{"line":56,"column":4},"end":{"line":59,"column":null}},"23":{"start":{"line":57,"column":18},"end":{"line":57,"column":null}},"24":{"start":{"line":57,"column":39},"end":{"line":57,"column":75}},"25":{"start":{"line":58,"column":6},"end":{"line":58,"column":null}},"26":{"start":{"line":58,"column":15},"end":{"line":58,"column":null}},"27":{"start":{"line":60,"column":4},"end":{"line":60,"column":null}},"28":{"start":{"line":62,"column":26},"end":{"line":69,"column":null}},"29":{"start":{"line":63,"column":16},"end":{"line":65,"column":null}},"30":{"start":{"line":64,"column":29},"end":{"line":64,"column":65}},"31":{"start":{"line":66,"column":21},"end":{"line":66,"column":null}},"32":{"start":{"line":68,"column":4},"end":{"line":68,"column":null}},"33":{"start":{"line":70,"column":36},"end":{"line":70,"column":null}},"34":{"start":{"line":73,"column":2},"end":{"line":75,"column":null}},"35":{"start":{"line":74,"column":4},"end":{"line":74,"column":null}},"36":{"start":{"line":77,"column":32},"end":{"line":89,"column":null}},"37":{"start":{"line":78,"column":16},"end":{"line":78,"column":null}},"38":{"start":{"line":78,"column":37},"end":{"line":78,"column":57}},"39":{"start":{"line":79,"column":4},"end":{"line":88,"column":null}},"40":{"start":{"line":80,"column":6},"end":{"line":80,"column":null}},"41":{"start":{"line":81,"column":24},"end":{"line":81,"column":null}},"42":{"start":{"line":82,"column":6},"end":{"line":82,"column":null}},"43":{"start":{"line":84,"column":6},"end":{"line":84,"column":null}},"44":{"start":{"line":85,"column":6},"end":{"line":87,"column":null}},"45":{"start":{"line":86,"column":8},"end":{"line":86,"column":null}},"46":{"start":{"line":97,"column":2},"end":{"line":97,"column":null}},"47":{"start":{"line":99,"column":8},"end":{"line":99,"column":null}},"48":{"start":{"line":100,"column":8},"end":{"line":100,"column":null}},"49":{"start":{"line":101,"column":8},"end":{"line":101,"column":null}},"50":{"start":{"line":104,"column":8},"end":{"line":104,"column":null}},"51":{"start":{"line":105,"column":2},"end":{"line":105,"column":null}},"52":{"start":{"line":106,"column":8},"end":{"line":106,"column":null}},"53":{"start":{"line":107,"column":2},"end":{"line":107,"column":null}},"54":{"start":{"line":110,"column":8},"end":{"line":110,"column":null}},"55":{"start":{"line":112,"column":8},"end":{"line":154,"column":null}},"56":{"start":{"line":113,"column":4},"end":{"line":118,"column":null}},"57":{"start":{"line":115,"column":6},"end":{"line":115,"column":null}},"58":{"start":{"line":116,"column":6},"end":{"line":116,"column":null}},"59":{"start":{"line":117,"column":6},"end":{"line":117,"column":null}},"60":{"start":{"line":120,"column":22},"end":{"line":120,"column":null}},"61":{"start":{"line":123,"column":4},"end":{"line":123,"column":null}},"62":{"start":{"line":124,"column":4},"end":{"line":124,"column":null}},"63":{"start":{"line":127,"column":29},"end":{"line":127,"column":null}},"64":{"start":{"line":129,"column":4},"end":{"line":153,"column":null}},"65":{"start":{"line":133,"column":6},"end":{"line":133,"column":null}},"66":{"start":{"line":135,"column":6},"end":{"line":141,"column":null}},"67":{"start":{"line":136,"column":24},"end":{"line":136,"column":null}},"68":{"start":{"line":137,"column":8},"end":{"line":137,"column":null}},"69":{"start":{"line":138,"column":8},"end":{"line":138,"column":null}},"70":{"start":{"line":139,"column":8},"end":{"line":139,"column":null}},"71":{"start":{"line":140,"column":8},"end":{"line":140,"column":null}},"72":{"start":{"line":144,"column":6},"end":{"line":152,"column":null}},"73":{"start":{"line":145,"column":8},"end":{"line":145,"column":null}},"74":{"start":{"line":146,"column":8},"end":{"line":151,"column":null}},"75":{"start":{"line":147,"column":10},"end":{"line":150,"column":null}},"76":{"start":{"line":148,"column":12},"end":{"line":148,"column":null}},"77":{"start":{"line":149,"column":12},"end":{"line":149,"column":null}},"78":{"start":{"line":157,"column":8},"end":{"line":160,"column":null}},"79":{"start":{"line":158,"column":4},"end":{"line":158,"column":null}},"80":{"start":{"line":158,"column":37},"end":{"line":158,"column":null}},"81":{"start":{"line":159,"column":4},"end":{"line":159,"column":null}},"82":{"start":{"line":163,"column":2},"end":{"line":168,"column":null}},"83":{"start":{"line":164,"column":4},"end":{"line":167,"column":null}},"84":{"start":{"line":165,"column":6},"end":{"line":165,"column":null}},"85":{"start":{"line":166,"column":6},"end":{"line":166,"column":null}},"86":{"start":{"line":171,"column":8},"end":{"line":177,"column":null}},"87":{"start":{"line":172,"column":4},"end":{"line":176,"column":null}},"88":{"start":{"line":173,"column":24},"end":{"line":173,"column":null}},"89":{"start":{"line":174,"column":6},"end":{"line":174,"column":null}},"90":{"start":{"line":175,"column":6},"end":{"line":175,"column":null}},"91":{"start":{"line":180,"column":8},"end":{"line":186,"column":null}},"92":{"start":{"line":181,"column":26},"end":{"line":181,"column":null}},"93":{"start":{"line":182,"column":4},"end":{"line":182,"column":null}},"94":{"start":{"line":183,"column":4},"end":{"line":185,"column":null}},"95":{"start":{"line":184,"column":6},"end":{"line":184,"column":null}},"96":{"start":{"line":188,"column":23},"end":{"line":197,"column":null}},"97":{"start":{"line":189,"column":16},"end":{"line":189,"column":null}},"98":{"start":{"line":190,"column":14},"end":{"line":190,"column":null}},"99":{"start":{"line":191,"column":4},"end":{"line":191,"column":null}},"100":{"start":{"line":192,"column":4},"end":{"line":192,"column":null}},"101":{"start":{"line":193,"column":4},"end":{"line":193,"column":null}},"102":{"start":{"line":194,"column":4},"end":{"line":194,"column":null}},"103":{"start":{"line":195,"column":4},"end":{"line":195,"column":null}},"104":{"start":{"line":196,"column":4},"end":{"line":196,"column":null}},"105":{"start":{"line":199,"column":25},"end":{"line":205,"column":null}},"106":{"start":{"line":201,"column":4},"end":{"line":204,"column":null}},"107":{"start":{"line":202,"column":12},"end":{"line":202,"column":null}},"108":{"start":{"line":203,"column":6},"end":{"line":203,"column":null}},"109":{"start":{"line":207,"column":2},"end":{"line":260,"column":null}},"110":{"start":{"line":211,"column":23},"end":{"line":211,"column":null}},"111":{"start":{"line":224,"column":25},"end":{"line":224,"column":null}}},"fnMap":{"0":{"name":"getUrlState","decl":{"start":{"line":12,"column":9},"end":{"line":12,"column":75}},"loc":{"start":{"line":12,"column":75},"end":{"line":26,"column":null}},"line":12},"1":{"name":"updateUrl","decl":{"start":{"line":29,"column":9},"end":{"line":29,"column":19}},"loc":{"start":{"line":29,"column":65},"end":{"line":35,"column":null}},"line":29},"2":{"name":"getDefaultParams","decl":{"start":{"line":37,"column":9},"end":{"line":37,"column":26}},"loc":{"start":{"line":37,"column":76},"end":{"line":42,"column":null}},"line":37},"3":{"name":"(anonymous_3)","decl":{"start":{"line":38,"column":56},"end":{"line":38,"column":57}},"loc":{"start":{"line":38,"column":72},"end":{"line":41,"column":5}},"line":38},"4":{"name":"App","decl":{"start":{"line":44,"column":24},"end":{"line":44,"column":30}},"loc":{"start":{"line":44,"column":30},"end":{"line":262,"column":null}},"line":44},"5":{"name":"(anonymous_5)","decl":{"start":{"line":55,"column":61},"end":{"line":55,"column":67}},"loc":{"start":{"line":55,"column":67},"end":{"line":61,"column":3}},"line":55},"6":{"name":"(anonymous_6)","decl":{"start":{"line":57,"column":34},"end":{"line":57,"column":39}},"loc":{"start":{"line":57,"column":39},"end":{"line":57,"column":75}},"line":57},"7":{"name":"(anonymous_7)","decl":{"start":{"line":62,"column":56},"end":{"line":62,"column":62}},"loc":{"start":{"line":62,"column":62},"end":{"line":69,"column":3}},"line":62},"8":{"name":"(anonymous_8)","decl":{"start":{"line":64,"column":24},"end":{"line":64,"column":29}},"loc":{"start":{"line":64,"column":29},"end":{"line":64,"column":65}},"line":64},"9":{"name":"(anonymous_9)","decl":{"start":{"line":73,"column":12},"end":{"line":73,"column":18}},"loc":{"start":{"line":73,"column":18},"end":{"line":75,"column":5}},"line":73},"10":{"name":"(anonymous_10)","decl":{"start":{"line":77,"column":32},"end":{"line":77,"column":33}},"loc":{"start":{"line":77,"column":57},"end":{"line":89,"column":null}},"line":77},"11":{"name":"(anonymous_11)","decl":{"start":{"line":78,"column":32},"end":{"line":78,"column":37}},"loc":{"start":{"line":78,"column":37},"end":{"line":78,"column":57}},"line":78},"12":{"name":"(anonymous_12)","decl":{"start":{"line":112,"column":32},"end":{"line":112,"column":33}},"loc":{"start":{"line":112,"column":89},"end":{"line":154,"column":5}},"line":112},"13":{"name":"(anonymous_13)","decl":{"start":{"line":132,"column":15},"end":{"line":132,"column":21}},"loc":{"start":{"line":132,"column":21},"end":{"line":153,"column":5}},"line":132},"14":{"name":"(anonymous_14)","decl":{"start":{"line":146,"column":19},"end":{"line":146,"column":25}},"loc":{"start":{"line":146,"column":25},"end":{"line":151,"column":11}},"line":146},"15":{"name":"(anonymous_15)","decl":{"start":{"line":157,"column":38},"end":{"line":157,"column":39}},"loc":{"start":{"line":157,"column":70},"end":{"line":160,"column":5}},"line":157},"16":{"name":"(anonymous_16)","decl":{"start":{"line":163,"column":12},"end":{"line":163,"column":18}},"loc":{"start":{"line":163,"column":18},"end":{"line":168,"column":5}},"line":163},"17":{"name":"(anonymous_17)","decl":{"start":{"line":171,"column":40},"end":{"line":171,"column":41}},"loc":{"start":{"line":171,"column":92},"end":{"line":177,"column":5}},"line":171},"18":{"name":"(anonymous_18)","decl":{"start":{"line":172,"column":14},"end":{"line":172,"column":15}},"loc":{"start":{"line":172,"column":24},"end":{"line":176,"column":5}},"line":172},"19":{"name":"(anonymous_19)","decl":{"start":{"line":180,"column":34},"end":{"line":180,"column":40}},"loc":{"start":{"line":180,"column":40},"end":{"line":186,"column":5}},"line":180},"20":{"name":"(anonymous_20)","decl":{"start":{"line":188,"column":23},"end":{"line":188,"column":24}},"loc":{"start":{"line":188,"column":57},"end":{"line":197,"column":null}},"line":188},"21":{"name":"(anonymous_21)","decl":{"start":{"line":199,"column":25},"end":{"line":199,"column":31}},"loc":{"start":{"line":199,"column":31},"end":{"line":205,"column":null}},"line":199},"22":{"name":"(anonymous_22)","decl":{"start":{"line":211,"column":17},"end":{"line":211,"column":23}},"loc":{"start":{"line":211,"column":23},"end":{"line":211,"column":null}},"line":211},"23":{"name":"(anonymous_23)","decl":{"start":{"line":224,"column":19},"end":{"line":224,"column":25}},"loc":{"start":{"line":224,"column":25},"end":{"line":224,"column":null}},"line":224}},"branchMap":{"0":{"loc":{"start":{"line":14,"column":22},"end":{"line":14,"column":null}},"type":"binary-expr","locations":[{"start":{"line":14,"column":22},"end":{"line":14,"column":44}},{"start":{"line":14,"column":44},"end":{"line":14,"column":null}}],"line":14},"1":{"loc":{"start":{"line":17,"column":2},"end":{"line":24,"column":null}},"type":"if","locations":[{"start":{"line":17,"column":2},"end":{"line":24,"column":null}},{"start":{},"end":{}}],"line":17},"2":{"loc":{"start":{"line":47,"column":2},"end":{"line":49,"column":null}},"type":"if","locations":[{"start":{"line":47,"column":2},"end":{"line":49,"column":null}},{"start":{},"end":{}}],"line":47},"3":{"loc":{"start":{"line":56,"column":4},"end":{"line":59,"column":null}},"type":"if","locations":[{"start":{"line":56,"column":4},"end":{"line":59,"column":null}},{"start":{},"end":{}}],"line":56},"4":{"loc":{"start":{"line":58,"column":6},"end":{"line":58,"column":null}},"type":"if","locations":[{"start":{"line":58,"column":6},"end":{"line":58,"column":null}},{"start":{},"end":{}}],"line":58},"5":{"loc":{"start":{"line":63,"column":16},"end":{"line":65,"column":null}},"type":"cond-expr","locations":[{"start":{"line":64,"column":8},"end":{"line":64,"column":null}},{"start":{"line":65,"column":8},"end":{"line":65,"column":null}}],"line":63},"6":{"loc":{"start":{"line":64,"column":8},"end":{"line":64,"column":null}},"type":"binary-expr","locations":[{"start":{"line":64,"column":8},"end":{"line":64,"column":70}},{"start":{"line":64,"column":70},"end":{"line":64,"column":null}}],"line":64},"7":{"loc":{"start":{"line":68,"column":11},"end":{"line":68,"column":null}},"type":"cond-expr","locations":[{"start":{"line":68,"column":36},"end":{"line":68,"column":81}},{"start":{"line":68,"column":81},"end":{"line":68,"column":null}}],"line":68},"8":{"loc":{"start":{"line":79,"column":4},"end":{"line":88,"column":null}},"type":"if","locations":[{"start":{"line":79,"column":4},"end":{"line":88,"column":null}},{"start":{},"end":{}}],"line":79},"9":{"loc":{"start":{"line":85,"column":6},"end":{"line":87,"column":null}},"type":"if","locations":[{"start":{"line":85,"column":6},"end":{"line":87,"column":null}},{"start":{},"end":{}}],"line":85},"10":{"loc":{"start":{"line":112,"column":65},"end":{"line":112,"column":89}},"type":"default-arg","locations":[{"start":{"line":112,"column":79},"end":{"line":112,"column":89}}],"line":112},"11":{"loc":{"start":{"line":113,"column":4},"end":{"line":118,"column":null}},"type":"if","locations":[{"start":{"line":113,"column":4},"end":{"line":118,"column":null}},{"start":{},"end":{}}],"line":113},"12":{"loc":{"start":{"line":127,"column":29},"end":{"line":127,"column":null}},"type":"cond-expr","locations":[{"start":{"line":127,"column":43},"end":{"line":127,"column":48}},{"start":{"line":127,"column":48},"end":{"line":127,"column":null}}],"line":127},"13":{"loc":{"start":{"line":135,"column":6},"end":{"line":141,"column":null}},"type":"if","locations":[{"start":{"line":135,"column":6},"end":{"line":141,"column":null}},{"start":{},"end":{}}],"line":135},"14":{"loc":{"start":{"line":144,"column":6},"end":{"line":152,"column":null}},"type":"if","locations":[{"start":{"line":144,"column":6},"end":{"line":152,"column":null}},{"start":{},"end":{}}],"line":144},"15":{"loc":{"start":{"line":147,"column":10},"end":{"line":150,"column":null}},"type":"if","locations":[{"start":{"line":147,"column":10},"end":{"line":150,"column":null}},{"start":{},"end":{}}],"line":147},"16":{"loc":{"start":{"line":158,"column":4},"end":{"line":158,"column":null}},"type":"if","locations":[{"start":{"line":158,"column":4},"end":{"line":158,"column":null}},{"start":{},"end":{}}],"line":158},"17":{"loc":{"start":{"line":164,"column":4},"end":{"line":167,"column":null}},"type":"if","locations":[{"start":{"line":164,"column":4},"end":{"line":167,"column":null}},{"start":{},"end":{}}],"line":164},"18":{"loc":{"start":{"line":164,"column":8},"end":{"line":164,"column":59}},"type":"binary-expr","locations":[{"start":{"line":164,"column":8},"end":{"line":164,"column":30}},{"start":{"line":164,"column":30},"end":{"line":164,"column":59}}],"line":164},"19":{"loc":{"start":{"line":183,"column":4},"end":{"line":185,"column":null}},"type":"if","locations":[{"start":{"line":183,"column":4},"end":{"line":185,"column":null}},{"start":{},"end":{}}],"line":183},"20":{"loc":{"start":{"line":201,"column":4},"end":{"line":204,"column":null}},"type":"if","locations":[{"start":{"line":201,"column":4},"end":{"line":204,"column":null}},{"start":{},"end":{}}],"line":201},"21":{"loc":{"start":{"line":221,"column":7},"end":{"line":225,"column":null}},"type":"binary-expr","locations":[{"start":{"line":221,"column":7},"end":{"line":221,"column":null}},{"start":{"line":222,"column":8},"end":{"line":225,"column":null}}],"line":221},"22":{"loc":{"start":{"line":232,"column":10},"end":{"line":232,"column":78}},"type":"cond-expr","locations":[{"start":{"line":232,"column":24},"end":{"line":232,"column":42}},{"start":{"line":232,"column":42},"end":{"line":232,"column":78}}],"line":232},"23":{"loc":{"start":{"line":242,"column":23},"end":{"line":242,"column":null}},"type":"binary-expr","locations":[{"start":{"line":242,"column":23},"end":{"line":242,"column":44}},{"start":{"line":242,"column":44},"end":{"line":242,"column":null}}],"line":242},"24":{"loc":{"start":{"line":256,"column":18},"end":{"line":256,"column":null}},"type":"cond-expr","locations":[{"start":{"line":256,"column":42},"end":{"line":256,"column":56}},{"start":{"line":256,"column":56},"end":{"line":256,"column":null}}],"line":256}},"s":{"0":7,"1":7,"2":7,"3":7,"4":2,"5":2,"6":2,"7":0,"8":5,"9":7,"10":7,"11":7,"12":7,"13":7,"14":6,"15":21,"16":21,"17":7,"18":7,"19":0,"20":7,"21":7,"22":5,"23":0,"24":0,"25":0,"26":0,"27":5,"28":7,"29":5,"30":0,"31":5,"32":5,"33":7,"34":7,"35":7,"36":7,"37":1,"38":2,"39":1,"40":1,"41":1,"42":1,"43":1,"44":1,"45":1,"46":7,"47":7,"48":7,"49":7,"50":7,"51":7,"52":7,"53":7,"54":7,"55":7,"56":9,"57":2,"58":2,"59":2,"60":7,"61":7,"62":7,"63":7,"64":9,"65":7,"66":7,"67":2,"68":2,"69":2,"70":2,"71":2,"72":5,"73":5,"74":5,"75":0,"76":0,"77":0,"78":7,"79":1,"80":0,"81":1,"82":7,"83":5,"84":5,"85":5,"86":7,"87":1,"88":1,"89":1,"90":1,"91":7,"92":0,"93":0,"94":0,"95":0,"96":7,"97":0,"98":0,"99":0,"100":0,"101":0,"102":0,"103":0,"104":0,"105":7,"106":0,"107":0,"108":0,"109":7,"110":0,"111":0},"f":{"0":7,"1":7,"2":6,"3":21,"4":7,"5":5,"6":0,"7":5,"8":0,"9":7,"10":1,"11":2,"12":9,"13":7,"14":0,"15":1,"16":5,"17":1,"18":1,"19":0,"20":0,"21":0,"22":0,"23":0},"b":{"0":[7,5],"1":[2,5],"2":[0,7],"3":[0,5],"4":[0,0],"5":[0,5],"6":[0,0],"7":[0,5],"8":[1,0],"9":[1,0],"10":[9],"11":[2,7],"12":[0,7],"13":[2,5],"14":[5,0],"15":[0,0],"16":[0,1],"17":[5,0],"18":[5,5],"19":[0,0],"20":[0,0],"21":[7,0],"22":[0,7],"23":[7,7],"24":[0,7]},"meta":{"lastBranch":25,"lastFunction":24,"lastStatement":112,"seen":{"f:12:9:12:75":0,"s:13:20:13:Infinity":0,"s:14:22:14:Infinity":1,"b:14:22:14:44:14:44:14:Infinity":0,"s:15:20:15:Infinity":2,"b:17:2:24:Infinity:undefined:undefined:undefined:undefined":1,"s:17:2:24:Infinity":3,"s:18:4:23:Infinity":4,"s:19:21:19:Infinity":5,"s:20:6:20:Infinity":6,"s:22:6:22:Infinity":7,"s:25:2:25:Infinity":8,"f:29:9:29:19":1,"s:30:20:30:Infinity":9,"s:31:2:31:Infinity":10,"s:32:2:32:Infinity":11,"s:33:17:33:Infinity":12,"s:34:2:34:Infinity":13,"f:37:9:37:26":2,"s:38:2:41:Infinity":14,"f:38:56:38:57":3,"s:39:4:39:Infinity":15,"s:40:4:40:Infinity":16,"f:44:24:44:30":4,"s:46:27:46:Infinity":17,"b:47:2:49:Infinity:undefined:undefined:undefined:undefined":2,"s:47:2:49:Infinity":18,"s:48:4:48:Infinity":19,"s:52:26:52:Infinity":20,"s:55:48:61:Infinity":21,"f:55:61:55:67":5,"b:56:4:59:Infinity:undefined:undefined:undefined:undefined":3,"s:56:4:59:Infinity":22,"s:57:18:57:Infinity":23,"f:57:34:57:39":6,"s:57:39:57:75":24,"b:58:6:58:Infinity:undefined:undefined:undefined:undefined":4,"s:58:6:58:Infinity":25,"s:58:15:58:Infinity":26,"s:60:4:60:Infinity":27,"s:62:26:69:Infinity":28,"f:62:56:62:62":7,"s:63:16:65:Infinity":29,"b:64:8:64:Infinity:65:8:65:Infinity":5,"b:64:8:64:70:64:70:64:Infinity":6,"f:64:24:64:29":8,"s:64:29:64:65":30,"s:66:21:66:Infinity":31,"s:68:4:68:Infinity":32,"b:68:36:68:81:68:81:68:Infinity":7,"s:70:36:70:Infinity":33,"s:73:2:75:Infinity":34,"f:73:12:73:18":9,"s:74:4:74:Infinity":35,"s:77:32:89:Infinity":36,"f:77:32:77:33":10,"s:78:16:78:Infinity":37,"f:78:32:78:37":11,"s:78:37:78:57":38,"b:79:4:88:Infinity:undefined:undefined:undefined:undefined":8,"s:79:4:88:Infinity":39,"s:80:6:80:Infinity":40,"s:81:24:81:Infinity":41,"s:82:6:82:Infinity":42,"s:84:6:84:Infinity":43,"b:85:6:87:Infinity:undefined:undefined:undefined:undefined":9,"s:85:6:87:Infinity":44,"s:86:8:86:Infinity":45,"s:97:2:97:Infinity":46,"s:99:8:99:Infinity":47,"s:100:8:100:Infinity":48,"s:101:8:101:Infinity":49,"s:104:8:104:Infinity":50,"s:105:2:105:Infinity":51,"s:106:8:106:Infinity":52,"s:107:2:107:Infinity":53,"s:110:8:110:Infinity":54,"s:112:8:154:Infinity":55,"f:112:32:112:33":12,"b:112:79:112:89":10,"b:113:4:118:Infinity:undefined:undefined:undefined:undefined":11,"s:113:4:118:Infinity":56,"s:115:6:115:Infinity":57,"s:116:6:116:Infinity":58,"s:117:6:117:Infinity":59,"s:120:22:120:Infinity":60,"s:123:4:123:Infinity":61,"s:124:4:124:Infinity":62,"s:127:29:127:Infinity":63,"b:127:43:127:48:127:48:127:Infinity":12,"s:129:4:153:Infinity":64,"f:132:15:132:21":13,"s:133:6:133:Infinity":65,"b:135:6:141:Infinity:undefined:undefined:undefined:undefined":13,"s:135:6:141:Infinity":66,"s:136:24:136:Infinity":67,"s:137:8:137:Infinity":68,"s:138:8:138:Infinity":69,"s:139:8:139:Infinity":70,"s:140:8:140:Infinity":71,"b:144:6:152:Infinity:undefined:undefined:undefined:undefined":14,"s:144:6:152:Infinity":72,"s:145:8:145:Infinity":73,"s:146:8:151:Infinity":74,"f:146:19:146:25":14,"b:147:10:150:Infinity:undefined:undefined:undefined:undefined":15,"s:147:10:150:Infinity":75,"s:148:12:148:Infinity":76,"s:149:12:149:Infinity":77,"s:157:8:160:Infinity":78,"f:157:38:157:39":15,"b:158:4:158:Infinity:undefined:undefined:undefined:undefined":16,"s:158:4:158:Infinity":79,"s:158:37:158:Infinity":80,"s:159:4:159:Infinity":81,"s:163:2:168:Infinity":82,"f:163:12:163:18":16,"b:164:4:167:Infinity:undefined:undefined:undefined:undefined":17,"s:164:4:167:Infinity":83,"b:164:8:164:30:164:30:164:59":18,"s:165:6:165:Infinity":84,"s:166:6:166:Infinity":85,"s:171:8:177:Infinity":86,"f:171:40:171:41":17,"s:172:4:176:Infinity":87,"f:172:14:172:15":18,"s:173:24:173:Infinity":88,"s:174:6:174:Infinity":89,"s:175:6:175:Infinity":90,"s:180:8:186:Infinity":91,"f:180:34:180:40":19,"s:181:26:181:Infinity":92,"s:182:4:182:Infinity":93,"b:183:4:185:Infinity:undefined:undefined:undefined:undefined":19,"s:183:4:185:Infinity":94,"s:184:6:184:Infinity":95,"s:188:23:197:Infinity":96,"f:188:23:188:24":20,"s:189:16:189:Infinity":97,"s:190:14:190:Infinity":98,"s:191:4:191:Infinity":99,"s:192:4:192:Infinity":100,"s:193:4:193:Infinity":101,"s:194:4:194:Infinity":102,"s:195:4:195:Infinity":103,"s:196:4:196:Infinity":104,"s:199:25:205:Infinity":105,"f:199:25:199:31":21,"b:201:4:204:Infinity:undefined:undefined:undefined:undefined":20,"s:201:4:204:Infinity":106,"s:202:12:202:Infinity":107,"s:203:6:203:Infinity":108,"s:207:2:260:Infinity":109,"f:211:17:211:23":22,"s:211:23:211:Infinity":110,"b:221:7:221:Infinity:222:8:225:Infinity":21,"f:224:19:224:25":23,"s:224:25:224:Infinity":111,"b:232:24:232:42:232:42:232:78":22,"b:242:23:242:44:242:44:242:Infinity":23,"b:256:42:256:56:256:56:256:Infinity":24}}}
,"/home/jsipling/src/github.com/jsipling/GenPrint/src/components/CompilerOutput.tsx": {"path":"/home/jsipling/src/github.com/jsipling/GenPrint/src/components/CompilerOutput.tsx","statementMap":{"0":{"start":{"line":6,"column":18},"end":{"line":6,"column":null}},"1":{"start":{"line":7,"column":2},"end":{"line":9,"column":null}},"2":{"start":{"line":8,"column":4},"end":{"line":8,"column":null}},"3":{"start":{"line":10,"column":2},"end":{"line":12,"column":null}},"4":{"start":{"line":11,"column":4},"end":{"line":11,"column":null}},"5":{"start":{"line":13,"column":2},"end":{"line":15,"column":null}},"6":{"start":{"line":14,"column":4},"end":{"line":14,"column":null}},"7":{"start":{"line":16,"column":2},"end":{"line":16,"column":null}},"8":{"start":{"line":20,"column":2},"end":{"line":26,"column":null}},"9":{"start":{"line":21,"column":17},"end":{"line":21,"column":null}},"10":{"start":{"line":22,"column":20},"end":{"line":22,"column":null}},"11":{"start":{"line":23,"column":22},"end":{"line":23,"column":null}},"12":{"start":{"line":24,"column":18},"end":{"line":24,"column":null}},"13":{"start":{"line":25,"column":18},"end":{"line":25,"column":null}},"14":{"start":{"line":30,"column":2},"end":{"line":36,"column":null}},"15":{"start":{"line":31,"column":17},"end":{"line":31,"column":null}},"16":{"start":{"line":32,"column":20},"end":{"line":32,"column":null}},"17":{"start":{"line":33,"column":22},"end":{"line":33,"column":null}},"18":{"start":{"line":34,"column":18},"end":{"line":34,"column":null}},"19":{"start":{"line":35,"column":18},"end":{"line":35,"column":null}},"20":{"start":{"line":47,"column":30},"end":{"line":47,"column":null}},"21":{"start":{"line":49,"column":16},"end":{"line":49,"column":null}},"22":{"start":{"line":50,"column":21},"end":{"line":50,"column":null}},"23":{"start":{"line":52,"column":2},"end":{"line":97,"column":null}},"24":{"start":{"line":55,"column":23},"end":{"line":55,"column":null}},"25":{"start":{"line":91,"column":12},"end":{"line":93,"column":null}}},"fnMap":{"0":{"name":"getLineStyle","decl":{"start":{"line":5,"column":9},"end":{"line":5,"column":22}},"loc":{"start":{"line":5,"column":44},"end":{"line":17,"column":null}},"line":5},"1":{"name":"getStatusText","decl":{"start":{"line":19,"column":9},"end":{"line":19,"column":23}},"loc":{"start":{"line":19,"column":54},"end":{"line":27,"column":null}},"line":19},"2":{"name":"getStatusColor","decl":{"start":{"line":29,"column":9},"end":{"line":29,"column":24}},"loc":{"start":{"line":29,"column":55},"end":{"line":37,"column":null}},"line":29},"3":{"name":"CompilerOutput","decl":{"start":{"line":45,"column":16},"end":{"line":45,"column":31}},"loc":{"start":{"line":45,"column":79},"end":{"line":99,"column":null}},"line":45},"4":{"name":"(anonymous_4)","decl":{"start":{"line":55,"column":17},"end":{"line":55,"column":23}},"loc":{"start":{"line":55,"column":23},"end":{"line":55,"column":null}},"line":55},"5":{"name":"(anonymous_5)","decl":{"start":{"line":90,"column":21},"end":{"line":90,"column":22}},"loc":{"start":{"line":91,"column":12},"end":{"line":93,"column":null}},"line":91}},"branchMap":{"0":{"loc":{"start":{"line":7,"column":2},"end":{"line":9,"column":null}},"type":"if","locations":[{"start":{"line":7,"column":2},"end":{"line":9,"column":null}},{"start":{},"end":{}}],"line":7},"1":{"loc":{"start":{"line":7,"column":6},"end":{"line":7,"column":68}},"type":"binary-expr","locations":[{"start":{"line":7,"column":6},"end":{"line":7,"column":38}},{"start":{"line":7,"column":38},"end":{"line":7,"column":68}}],"line":7},"2":{"loc":{"start":{"line":10,"column":2},"end":{"line":12,"column":null}},"type":"if","locations":[{"start":{"line":10,"column":2},"end":{"line":12,"column":null}},{"start":{},"end":{}}],"line":10},"3":{"loc":{"start":{"line":10,"column":6},"end":{"line":10,"column":72}},"type":"binary-expr","locations":[{"start":{"line":10,"column":6},"end":{"line":10,"column":40}},{"start":{"line":10,"column":40},"end":{"line":10,"column":72}}],"line":10},"4":{"loc":{"start":{"line":13,"column":2},"end":{"line":15,"column":null}},"type":"if","locations":[{"start":{"line":13,"column":2},"end":{"line":15,"column":null}},{"start":{},"end":{}}],"line":13},"5":{"loc":{"start":{"line":13,"column":6},"end":{"line":13,"column":66}},"type":"binary-expr","locations":[{"start":{"line":13,"column":6},"end":{"line":13,"column":37}},{"start":{"line":13,"column":37},"end":{"line":13,"column":66}}],"line":13},"6":{"loc":{"start":{"line":20,"column":2},"end":{"line":26,"column":null}},"type":"switch","locations":[{"start":{"line":21,"column":4},"end":{"line":21,"column":null}},{"start":{"line":22,"column":4},"end":{"line":22,"column":null}},{"start":{"line":23,"column":4},"end":{"line":23,"column":null}},{"start":{"line":24,"column":4},"end":{"line":24,"column":null}},{"start":{"line":25,"column":4},"end":{"line":25,"column":null}}],"line":20},"7":{"loc":{"start":{"line":30,"column":2},"end":{"line":36,"column":null}},"type":"switch","locations":[{"start":{"line":31,"column":4},"end":{"line":31,"column":null}},{"start":{"line":32,"column":4},"end":{"line":32,"column":null}},{"start":{"line":33,"column":4},"end":{"line":33,"column":null}},{"start":{"line":34,"column":4},"end":{"line":34,"column":null}},{"start":{"line":35,"column":4},"end":{"line":35,"column":null}}],"line":30},"8":{"loc":{"start":{"line":49,"column":16},"end":{"line":49,"column":null}},"type":"cond-expr","locations":[{"start":{"line":49,"column":25},"end":{"line":49,"column":46}},{"start":{"line":49,"column":46},"end":{"line":49,"column":null}}],"line":49},"9":{"loc":{"start":{"line":62,"column":30},"end":{"line":62,"column":66}},"type":"cond-expr","locations":[{"start":{"line":62,"column":41},"end":{"line":62,"column":59}},{"start":{"line":62,"column":59},"end":{"line":62,"column":66}}],"line":62},"10":{"loc":{"start":{"line":70,"column":9},"end":{"line":76,"column":null}},"type":"binary-expr","locations":[{"start":{"line":70,"column":9},"end":{"line":70,"column":null}},{"start":{"line":71,"column":10},"end":{"line":76,"column":null}}],"line":70},"11":{"loc":{"start":{"line":78,"column":9},"end":{"line":81,"column":null}},"type":"binary-expr","locations":[{"start":{"line":78,"column":9},"end":{"line":78,"column":null}},{"start":{"line":79,"column":10},"end":{"line":81,"column":null}}],"line":78},"12":{"loc":{"start":{"line":84,"column":7},"end":{"line":95,"column":null}},"type":"binary-expr","locations":[{"start":{"line":84,"column":7},"end":{"line":84,"column":null}},{"start":{"line":85,"column":8},"end":{"line":95,"column":null}}],"line":84},"13":{"loc":{"start":{"line":92,"column":15},"end":{"line":92,"column":null}},"type":"binary-expr","locations":[{"start":{"line":92,"column":15},"end":{"line":92,"column":23}},{"start":{"line":92,"column":23},"end":{"line":92,"column":null}}],"line":92}},"s":{"0":6,"1":6,"2":1,"3":5,"4":1,"5":4,"6":1,"7":3,"8":8,"9":0,"10":0,"11":0,"12":8,"13":0,"14":8,"15":0,"16":0,"17":0,"18":8,"19":0,"20":8,"21":8,"22":8,"23":8,"24":1,"25":6},"f":{"0":6,"1":8,"2":8,"3":8,"4":1,"5":6},"b":{"0":[1,5],"1":[6,5],"2":[1,4],"3":[5,4],"4":[1,3],"5":[4,3],"6":[0,0,0,8,0],"7":[0,0,0,8,0],"8":[7,1],"9":[7,1],"10":[8,8],"11":[8,0],"12":[8,7],"13":[6,0]},"meta":{"lastBranch":14,"lastFunction":6,"lastStatement":26,"seen":{"f:5:9:5:22":0,"s:6:18:6:Infinity":0,"b:7:2:9:Infinity:undefined:undefined:undefined:undefined":0,"s:7:2:9:Infinity":1,"b:7:6:7:38:7:38:7:68":1,"s:8:4:8:Infinity":2,"b:10:2:12:Infinity:undefined:undefined:undefined:undefined":2,"s:10:2:12:Infinity":3,"b:10:6:10:40:10:40:10:72":3,"s:11:4:11:Infinity":4,"b:13:2:15:Infinity:undefined:undefined:undefined:undefined":4,"s:13:2:15:Infinity":5,"b:13:6:13:37:13:37:13:66":5,"s:14:4:14:Infinity":6,"s:16:2:16:Infinity":7,"f:19:9:19:23":1,"b:21:4:21:Infinity:22:4:22:Infinity:23:4:23:Infinity:24:4:24:Infinity:25:4:25:Infinity":6,"s:20:2:26:Infinity":8,"s:21:17:21:Infinity":9,"s:22:20:22:Infinity":10,"s:23:22:23:Infinity":11,"s:24:18:24:Infinity":12,"s:25:18:25:Infinity":13,"f:29:9:29:24":2,"b:31:4:31:Infinity:32:4:32:Infinity:33:4:33:Infinity:34:4:34:Infinity:35:4:35:Infinity":7,"s:30:2:36:Infinity":14,"s:31:17:31:Infinity":15,"s:32:20:32:Infinity":16,"s:33:22:33:Infinity":17,"s:34:18:34:Infinity":18,"s:35:18:35:Infinity":19,"f:45:16:45:31":3,"s:47:30:47:Infinity":20,"s:49:16:49:Infinity":21,"b:49:25:49:46:49:46:49:Infinity":8,"s:50:21:50:Infinity":22,"s:52:2:97:Infinity":23,"f:55:17:55:23":4,"s:55:23:55:Infinity":24,"b:62:41:62:59:62:59:62:66":9,"b:70:9:70:Infinity:71:10:76:Infinity":10,"b:78:9:78:Infinity:79:10:81:Infinity":11,"b:84:7:84:Infinity:85:8:95:Infinity":12,"f:90:21:90:22":5,"s:91:12:93:Infinity":25,"b:92:15:92:23:92:23:92:Infinity":13}}}
,"/home/jsipling/src/github.com/jsipling/GenPrint/src/components/Sidebar.tsx": {"path":"/home/jsipling/src/github.com/jsipling/GenPrint/src/components/Sidebar.tsx","statementMap":{"0":{"start":{"line":24,"column":16},"end":{"line":24,"column":null}},"1":{"start":{"line":26,"column":2},"end":{"line":45,"column":null}},"2":{"start":{"line":27,"column":4},"end":{"line":43,"column":null}},"3":{"start":{"line":40,"column":27},"end":{"line":40,"column":null}},"4":{"start":{"line":47,"column":2},"end":{"line":68,"column":null}},"5":{"start":{"line":48,"column":4},"end":{"line":66,"column":null}},"6":{"start":{"line":59,"column":27},"end":{"line":59,"column":null}},"7":{"start":{"line":63,"column":12},"end":{"line":63,"column":null}},"8":{"start":{"line":70,"column":2},"end":{"line":155,"column":null}},"9":{"start":{"line":71,"column":20},"end":{"line":71,"column":null}},"10":{"start":{"line":72,"column":24},"end":{"line":72,"column":null}},"11":{"start":{"line":75,"column":4},"end":{"line":105,"column":null}},"12":{"start":{"line":76,"column":6},"end":{"line":103,"column":null}},"13":{"start":{"line":83,"column":31},"end":{"line":83,"column":null}},"14":{"start":{"line":93,"column":16},"end":{"line":99,"column":null}},"15":{"start":{"line":108,"column":4},"end":{"line":138,"column":null}},"16":{"start":{"line":109,"column":6},"end":{"line":136,"column":null}},"17":{"start":{"line":116,"column":31},"end":{"line":116,"column":null}},"18":{"start":{"line":126,"column":16},"end":{"line":132,"column":null}},"19":{"start":{"line":141,"column":4},"end":{"line":153,"column":null}},"20":{"start":{"line":147,"column":27},"end":{"line":147,"column":null}},"21":{"start":{"line":159,"column":26},"end":{"line":159,"column":null}},"22":{"start":{"line":160,"column":26},"end":{"line":160,"column":null}},"23":{"start":{"line":161,"column":23},"end":{"line":161,"column":null}},"24":{"start":{"line":162,"column":23},"end":{"line":162,"column":null}},"25":{"start":{"line":165,"column":19},"end":{"line":165,"column":null}},"26":{"start":{"line":166,"column":19},"end":{"line":166,"column":null}},"27":{"start":{"line":169,"column":2},"end":{"line":173,"column":null}},"28":{"start":{"line":170,"column":4},"end":{"line":172,"column":null}},"29":{"start":{"line":171,"column":6},"end":{"line":171,"column":null}},"30":{"start":{"line":175,"column":20},"end":{"line":175,"column":null}},"31":{"start":{"line":176,"column":2},"end":{"line":205,"column":null}},"32":{"start":{"line":194,"column":25},"end":{"line":194,"column":null}},"33":{"start":{"line":220,"column":8},"end":{"line":223,"column":null}},"34":{"start":{"line":221,"column":10},"end":{"line":221,"column":null}},"35":{"start":{"line":221,"column":41},"end":{"line":221,"column":69}},"36":{"start":{"line":226,"column":8},"end":{"line":235,"column":null}},"37":{"start":{"line":227,"column":10},"end":{"line":233,"column":null}},"38":{"start":{"line":228,"column":12},"end":{"line":228,"column":null}},"39":{"start":{"line":229,"column":12},"end":{"line":229,"column":null}},"40":{"start":{"line":230,"column":6},"end":{"line":230,"column":null}},"41":{"start":{"line":230,"column":41},"end":{"line":230,"column":null}},"42":{"start":{"line":231,"column":6},"end":{"line":231,"column":null}},"43":{"start":{"line":231,"column":41},"end":{"line":231,"column":null}},"44":{"start":{"line":232,"column":6},"end":{"line":232,"column":null}},"45":{"start":{"line":237,"column":2},"end":{"line":301,"column":null}},"46":{"start":{"line":250,"column":29},"end":{"line":250,"column":null}},"47":{"start":{"line":254,"column":14},"end":{"line":254,"column":null}},"48":{"start":{"line":278,"column":12},"end":{"line":283,"column":null}}},"fnMap":{"0":{"name":"ParameterInput","decl":{"start":{"line":23,"column":9},"end":{"line":23,"column":24}},"loc":{"start":{"line":23,"column":90},"end":{"line":207,"column":null}},"line":23},"1":{"name":"(anonymous_1)","decl":{"start":{"line":40,"column":20},"end":{"line":40,"column":21}},"loc":{"start":{"line":40,"column":27},"end":{"line":40,"column":null}},"line":40},"2":{"name":"(anonymous_2)","decl":{"start":{"line":59,"column":20},"end":{"line":59,"column":21}},"loc":{"start":{"line":59,"column":27},"end":{"line":59,"column":null}},"line":59},"3":{"name":"(anonymous_3)","decl":{"start":{"line":62,"column":29},"end":{"line":62,"column":30}},"loc":{"start":{"line":63,"column":12},"end":{"line":63,"column":null}},"line":63},"4":{"name":"(anonymous_4)","decl":{"start":{"line":83,"column":24},"end":{"line":83,"column":25}},"loc":{"start":{"line":83,"column":31},"end":{"line":83,"column":null}},"line":83},"5":{"name":"(anonymous_5)","decl":{"start":{"line":92,"column":35},"end":{"line":92,"column":36}},"loc":{"start":{"line":93,"column":16},"end":{"line":99,"column":null}},"line":93},"6":{"name":"(anonymous_6)","decl":{"start":{"line":116,"column":24},"end":{"line":116,"column":25}},"loc":{"start":{"line":116,"column":31},"end":{"line":116,"column":null}},"line":116},"7":{"name":"(anonymous_7)","decl":{"start":{"line":125,"column":35},"end":{"line":125,"column":36}},"loc":{"start":{"line":126,"column":16},"end":{"line":132,"column":null}},"line":126},"8":{"name":"(anonymous_8)","decl":{"start":{"line":147,"column":20},"end":{"line":147,"column":21}},"loc":{"start":{"line":147,"column":27},"end":{"line":147,"column":null}},"line":147},"9":{"name":"(anonymous_9)","decl":{"start":{"line":169,"column":12},"end":{"line":169,"column":18}},"loc":{"start":{"line":169,"column":18},"end":{"line":173,"column":5}},"line":169},"10":{"name":"(anonymous_10)","decl":{"start":{"line":194,"column":18},"end":{"line":194,"column":19}},"loc":{"start":{"line":194,"column":25},"end":{"line":194,"column":null}},"line":194},"11":{"name":"Sidebar","decl":{"start":{"line":209,"column":16},"end":{"line":209,"column":24}},"loc":{"start":{"line":218,"column":17},"end":{"line":303,"column":null}},"line":218},"12":{"name":"(anonymous_12)","decl":{"start":{"line":221,"column":4},"end":{"line":221,"column":10}},"loc":{"start":{"line":221,"column":10},"end":{"line":221,"column":null}},"line":221},"13":{"name":"(anonymous_13)","decl":{"start":{"line":221,"column":31},"end":{"line":221,"column":32}},"loc":{"start":{"line":221,"column":41},"end":{"line":221,"column":69}},"line":221},"14":{"name":"(anonymous_14)","decl":{"start":{"line":227,"column":4},"end":{"line":227,"column":10}},"loc":{"start":{"line":227,"column":10},"end":{"line":233,"column":null}},"line":227},"15":{"name":"(anonymous_15)","decl":{"start":{"line":227,"column":49},"end":{"line":227,"column":50}},"loc":{"start":{"line":227,"column":59},"end":{"line":233,"column":5}},"line":227},"16":{"name":"(anonymous_16)","decl":{"start":{"line":250,"column":22},"end":{"line":250,"column":23}},"loc":{"start":{"line":250,"column":29},"end":{"line":250,"column":null}},"line":250},"17":{"name":"(anonymous_17)","decl":{"start":{"line":253,"column":34},"end":{"line":253,"column":35}},"loc":{"start":{"line":254,"column":14},"end":{"line":254,"column":null}},"line":254},"18":{"name":"(anonymous_18)","decl":{"start":{"line":277,"column":32},"end":{"line":277,"column":33}},"loc":{"start":{"line":278,"column":12},"end":{"line":283,"column":null}},"line":278}},"branchMap":{"0":{"loc":{"start":{"line":23,"column":56},"end":{"line":23,"column":66}},"type":"default-arg","locations":[{"start":{"line":23,"column":64},"end":{"line":23,"column":66}}],"line":23},"1":{"loc":{"start":{"line":24,"column":16},"end":{"line":24,"column":null}},"type":"binary-expr","locations":[{"start":{"line":24,"column":16},"end":{"line":24,"column":38}},{"start":{"line":24,"column":38},"end":{"line":24,"column":null}}],"line":24},"2":{"loc":{"start":{"line":26,"column":2},"end":{"line":45,"column":null}},"type":"if","locations":[{"start":{"line":26,"column":2},"end":{"line":45,"column":null}},{"start":{},"end":{}}],"line":26},"3":{"loc":{"start":{"line":28,"column":22},"end":{"line":28,"column":null}},"type":"cond-expr","locations":[{"start":{"line":28,"column":34},"end":{"line":28,"column":73}},{"start":{"line":28,"column":73},"end":{"line":28,"column":null}}],"line":28},"4":{"loc":{"start":{"line":32,"column":9},"end":{"line":33,"column":null}},"type":"binary-expr","locations":[{"start":{"line":32,"column":9},"end":{"line":32,"column":null}},{"start":{"line":33,"column":10},"end":{"line":33,"column":null}}],"line":32},"5":{"loc":{"start":{"line":47,"column":2},"end":{"line":68,"column":null}},"type":"if","locations":[{"start":{"line":47,"column":2},"end":{"line":68,"column":null}},{"start":{},"end":{}}],"line":47},"6":{"loc":{"start":{"line":49,"column":22},"end":{"line":49,"column":null}},"type":"cond-expr","locations":[{"start":{"line":49,"column":34},"end":{"line":49,"column":73}},{"start":{"line":49,"column":73},"end":{"line":49,"column":null}}],"line":49},"7":{"loc":{"start":{"line":53,"column":9},"end":{"line":54,"column":null}},"type":"binary-expr","locations":[{"start":{"line":53,"column":9},"end":{"line":53,"column":null}},{"start":{"line":54,"column":10},"end":{"line":54,"column":null}}],"line":53},"8":{"loc":{"start":{"line":70,"column":2},"end":{"line":155,"column":null}},"type":"if","locations":[{"start":{"line":70,"column":2},"end":{"line":155,"column":null}},{"start":{},"end":{}}],"line":70},"9":{"loc":{"start":{"line":72,"column":24},"end":{"line":72,"column":null}},"type":"binary-expr","locations":[{"start":{"line":72,"column":24},"end":{"line":72,"column":42}},{"start":{"line":72,"column":42},"end":{"line":72,"column":null}}],"line":72},"10":{"loc":{"start":{"line":75,"column":4},"end":{"line":105,"column":null}},"type":"if","locations":[{"start":{"line":75,"column":4},"end":{"line":105,"column":null}},{"start":{},"end":{}}],"line":75},"11":{"loc":{"start":{"line":90,"column":11},"end":{"line":101,"column":null}},"type":"binary-expr","locations":[{"start":{"line":90,"column":11},"end":{"line":90,"column":26}},{"start":{"line":90,"column":26},"end":{"line":90,"column":null}},{"start":{"line":91,"column":12},"end":{"line":101,"column":null}}],"line":90},"12":{"loc":{"start":{"line":108,"column":4},"end":{"line":138,"column":null}},"type":"if","locations":[{"start":{"line":108,"column":4},"end":{"line":138,"column":null}},{"start":{},"end":{}}],"line":108},"13":{"loc":{"start":{"line":123,"column":11},"end":{"line":134,"column":null}},"type":"binary-expr","locations":[{"start":{"line":123,"column":11},"end":{"line":123,"column":null}},{"start":{"line":124,"column":12},"end":{"line":134,"column":null}}],"line":123},"14":{"loc":{"start":{"line":159,"column":26},"end":{"line":159,"column":null}},"type":"cond-expr","locations":[{"start":{"line":159,"column":45},"end":{"line":159,"column":72}},{"start":{"line":159,"column":72},"end":{"line":159,"column":null}}],"line":159},"15":{"loc":{"start":{"line":160,"column":26},"end":{"line":160,"column":null}},"type":"cond-expr","locations":[{"start":{"line":160,"column":45},"end":{"line":160,"column":72}},{"start":{"line":160,"column":72},"end":{"line":160,"column":null}}],"line":160},"16":{"loc":{"start":{"line":170,"column":4},"end":{"line":172,"column":null}},"type":"if","locations":[{"start":{"line":170,"column":4},"end":{"line":172,"column":null}},{"start":{},"end":{}}],"line":170},"17":{"loc":{"start":{"line":175,"column":34},"end":{"line":175,"column":68}},"type":"cond-expr","locations":[{"start":{"line":175,"column":47},"end":{"line":175,"column":66}},{"start":{"line":175,"column":66},"end":{"line":175,"column":68}}],"line":175},"18":{"loc":{"start":{"line":177,"column":20},"end":{"line":177,"column":null}},"type":"cond-expr","locations":[{"start":{"line":177,"column":32},"end":{"line":177,"column":71}},{"start":{"line":177,"column":71},"end":{"line":177,"column":null}}],"line":177},"19":{"loc":{"start":{"line":184,"column":7},"end":{"line":185,"column":null}},"type":"binary-expr","locations":[{"start":{"line":184,"column":7},"end":{"line":184,"column":null}},{"start":{"line":185,"column":8},"end":{"line":185,"column":null}}],"line":184},"20":{"loc":{"start":{"line":192,"column":14},"end":{"line":192,"column":null}},"type":"binary-expr","locations":[{"start":{"line":192,"column":14},"end":{"line":192,"column":28}},{"start":{"line":192,"column":28},"end":{"line":192,"column":null}}],"line":192},"21":{"loc":{"start":{"line":228,"column":12},"end":{"line":228,"column":null}},"type":"binary-expr","locations":[{"start":{"line":228,"column":12},"end":{"line":228,"column":48}},{"start":{"line":228,"column":48},"end":{"line":228,"column":62}},{"start":{"line":228,"column":62},"end":{"line":228,"column":null}}],"line":228},"22":{"loc":{"start":{"line":229,"column":12},"end":{"line":229,"column":null}},"type":"binary-expr","locations":[{"start":{"line":229,"column":12},"end":{"line":229,"column":48}},{"start":{"line":229,"column":48},"end":{"line":229,"column":62}},{"start":{"line":229,"column":62},"end":{"line":229,"column":null}}],"line":229},"23":{"loc":{"start":{"line":230,"column":6},"end":{"line":230,"column":null}},"type":"if","locations":[{"start":{"line":230,"column":6},"end":{"line":230,"column":null}},{"start":{},"end":{}}],"line":230},"24":{"loc":{"start":{"line":230,"column":10},"end":{"line":230,"column":41}},"type":"binary-expr","locations":[{"start":{"line":230,"column":10},"end":{"line":230,"column":26}},{"start":{"line":230,"column":26},"end":{"line":230,"column":41}}],"line":230},"25":{"loc":{"start":{"line":231,"column":6},"end":{"line":231,"column":null}},"type":"if","locations":[{"start":{"line":231,"column":6},"end":{"line":231,"column":null}},{"start":{},"end":{}}],"line":231},"26":{"loc":{"start":{"line":231,"column":10},"end":{"line":231,"column":41}},"type":"binary-expr","locations":[{"start":{"line":231,"column":10},"end":{"line":231,"column":27}},{"start":{"line":231,"column":27},"end":{"line":231,"column":41}}],"line":231},"27":{"loc":{"start":{"line":293,"column":22},"end":{"line":293,"column":null}},"type":"cond-expr","locations":[{"start":{"line":293,"column":36},"end":{"line":293,"column":87}},{"start":{"line":293,"column":87},"end":{"line":293,"column":null}}],"line":293}},"s":{"0":6,"1":6,"2":0,"3":0,"4":6,"5":0,"6":0,"7":0,"8":6,"9":0,"10":0,"11":0,"12":0,"13":0,"14":0,"15":0,"16":0,"17":0,"18":0,"19":0,"20":0,"21":6,"22":6,"23":6,"24":6,"25":6,"26":6,"27":6,"28":6,"29":0,"30":6,"31":6,"32":0,"33":5,"34":5,"35":0,"36":5,"37":5,"38":1,"39":1,"40":1,"41":0,"42":1,"43":0,"44":1,"45":5,"46":0,"47":5,"48":6},"f":{"0":6,"1":0,"2":0,"3":0,"4":0,"5":0,"6":0,"7":0,"8":0,"9":6,"10":0,"11":5,"12":5,"13":0,"14":5,"15":1,"16":0,"17":5,"18":6},"b":{"0":[6],"1":[6,0],"2":[0,6],"3":[0,0],"4":[0,0],"5":[0,6],"6":[0,0],"7":[0,0],"8":[0,6],"9":[0,0],"10":[0,0],"11":[0,0,0],"12":[0,0],"13":[0,0],"14":[0,6],"15":[1,5],"16":[0,6],"17":[4,2],"18":[0,6],"19":[6,0],"20":[6,6],"21":[1,0,0],"22":[1,0,0],"23":[0,1],"24":[1,0],"25":[0,1],"26":[1,1],"27":[4,1]},"meta":{"lastBranch":28,"lastFunction":19,"lastStatement":49,"seen":{"f:23:9:23:24":0,"b:23:64:23:66":0,"s:24:16:24:Infinity":0,"b:24:16:24:38:24:38:24:Infinity":1,"b:26:2:45:Infinity:undefined:undefined:undefined:undefined":2,"s:26:2:45:Infinity":1,"s:27:4:43:Infinity":2,"b:28:34:28:73:28:73:28:Infinity":3,"b:32:9:32:Infinity:33:10:33:Infinity":4,"f:40:20:40:21":1,"s:40:27:40:Infinity":3,"b:47:2:68:Infinity:undefined:undefined:undefined:undefined":5,"s:47:2:68:Infinity":4,"s:48:4:66:Infinity":5,"b:49:34:49:73:49:73:49:Infinity":6,"b:53:9:53:Infinity:54:10:54:Infinity":7,"f:59:20:59:21":2,"s:59:27:59:Infinity":6,"f:62:29:62:30":3,"s:63:12:63:Infinity":7,"b:70:2:155:Infinity:undefined:undefined:undefined:undefined":8,"s:70:2:155:Infinity":8,"s:71:20:71:Infinity":9,"s:72:24:72:Infinity":10,"b:72:24:72:42:72:42:72:Infinity":9,"b:75:4:105:Infinity:undefined:undefined:undefined:undefined":10,"s:75:4:105:Infinity":11,"s:76:6:103:Infinity":12,"f:83:24:83:25":4,"s:83:31:83:Infinity":13,"b:90:11:90:26:90:26:90:Infinity:91:12:101:Infinity":11,"f:92:35:92:36":5,"s:93:16:99:Infinity":14,"b:108:4:138:Infinity:undefined:undefined:undefined:undefined":12,"s:108:4:138:Infinity":15,"s:109:6:136:Infinity":16,"f:116:24:116:25":6,"s:116:31:116:Infinity":17,"b:123:11:123:Infinity:124:12:134:Infinity":13,"f:125:35:125:36":7,"s:126:16:132:Infinity":18,"s:141:4:153:Infinity":19,"f:147:20:147:21":8,"s:147:27:147:Infinity":20,"s:159:26:159:Infinity":21,"b:159:45:159:72:159:72:159:Infinity":14,"s:160:26:160:Infinity":22,"b:160:45:160:72:160:72:160:Infinity":15,"s:161:23:161:Infinity":23,"s:162:23:162:Infinity":24,"s:165:19:165:Infinity":25,"s:166:19:166:Infinity":26,"s:169:2:173:Infinity":27,"f:169:12:169:18":9,"b:170:4:172:Infinity:undefined:undefined:undefined:undefined":16,"s:170:4:172:Infinity":28,"s:171:6:171:Infinity":29,"s:175:20:175:Infinity":30,"b:175:47:175:66:175:66:175:68":17,"s:176:2:205:Infinity":31,"b:177:32:177:71:177:71:177:Infinity":18,"b:184:7:184:Infinity:185:8:185:Infinity":19,"b:192:14:192:28:192:28:192:Infinity":20,"f:194:18:194:19":10,"s:194:25:194:Infinity":32,"f:209:16:209:24":11,"s:220:8:223:Infinity":33,"f:221:4:221:10":12,"s:221:10:221:Infinity":34,"f:221:31:221:32":13,"s:221:41:221:69":35,"s:226:8:235:Infinity":36,"f:227:4:227:10":14,"s:227:10:233:Infinity":37,"f:227:49:227:50":15,"s:228:12:228:Infinity":38,"b:228:12:228:48:228:48:228:62:228:62:228:Infinity":21,"s:229:12:229:Infinity":39,"b:229:12:229:48:229:48:229:62:229:62:229:Infinity":22,"b:230:6:230:Infinity:undefined:undefined:undefined:undefined":23,"s:230:6:230:Infinity":40,"b:230:10:230:26:230:26:230:41":24,"s:230:41:230:Infinity":41,"b:231:6:231:Infinity:undefined:undefined:undefined:undefined":25,"s:231:6:231:Infinity":42,"b:231:10:231:27:231:27:231:41":26,"s:231:41:231:Infinity":43,"s:232:6:232:Infinity":44,"s:237:2:301:Infinity":45,"f:250:22:250:23":16,"s:250:29:250:Infinity":46,"f:253:34:253:35":17,"s:254:14:254:Infinity":47,"f:277:32:277:33":18,"s:278:12:283:Infinity":48,"b:293:36:293:87:293:87:293:Infinity":27}}}
,"/home/jsipling/src/github.com/jsipling/GenPrint/src/components/gridUtils.ts": {"path":"/home/jsipling/src/github.com/jsipling/GenPrint/src/components/gridUtils.ts","statementMap":{"0":{"start":{"line":2,"column":25},"end":{"line":2,"column":null}},"1":{"start":{"line":3,"column":31},"end":{"line":3,"column":null}},"2":{"start":{"line":4,"column":34},"end":{"line":4,"column":null}},"3":{"start":{"line":5,"column":33},"end":{"line":5,"column":null}},"4":{"start":{"line":30,"column":31},"end":{"line":30,"column":null}},"5":{"start":{"line":31,"column":33},"end":{"line":31,"column":null}},"6":{"start":{"line":33,"column":19},"end":{"line":33,"column":null}},"7":{"start":{"line":38,"column":27},"end":{"line":38,"column":null}},"8":{"start":{"line":39,"column":23},"end":{"line":41,"column":null}},"9":{"start":{"line":44,"column":24},"end":{"line":44,"column":null}},"10":{"start":{"line":46,"column":33},"end":{"line":46,"column":null}},"11":{"start":{"line":49,"column":2},"end":{"line":59,"column":null}},"12":{"start":{"line":49,"column":16},"end":{"line":49,"column":30}},"13":{"start":{"line":50,"column":17},"end":{"line":50,"column":null}},"14":{"start":{"line":51,"column":17},"end":{"line":51,"column":null}},"15":{"start":{"line":53,"column":4},"end":{"line":53,"column":null}},"16":{"start":{"line":56,"column":4},"end":{"line":58,"column":null}},"17":{"start":{"line":57,"column":6},"end":{"line":57,"column":null}},"18":{"start":{"line":62,"column":2},"end":{"line":71,"column":null}},"19":{"start":{"line":62,"column":16},"end":{"line":62,"column":30}},"20":{"start":{"line":63,"column":17},"end":{"line":63,"column":null}},"21":{"start":{"line":64,"column":17},"end":{"line":64,"column":null}},"22":{"start":{"line":66,"column":4},"end":{"line":66,"column":null}},"23":{"start":{"line":68,"column":4},"end":{"line":70,"column":null}},"24":{"start":{"line":69,"column":6},"end":{"line":69,"column":null}},"25":{"start":{"line":74,"column":2},"end":{"line":84,"column":null}},"26":{"start":{"line":74,"column":16},"end":{"line":74,"column":30}},"27":{"start":{"line":75,"column":17},"end":{"line":75,"column":null}},"28":{"start":{"line":76,"column":17},"end":{"line":76,"column":null}},"29":{"start":{"line":78,"column":4},"end":{"line":78,"column":null}},"30":{"start":{"line":79,"column":4},"end":{"line":79,"column":null}},"31":{"start":{"line":81,"column":4},"end":{"line":83,"column":null}},"32":{"start":{"line":82,"column":6},"end":{"line":82,"column":null}},"33":{"start":{"line":86,"column":2},"end":{"line":86,"column":null}},"34":{"start":{"line":99,"column":20},"end":{"line":99,"column":null}},"35":{"start":{"line":100,"column":19},"end":{"line":100,"column":null}},"36":{"start":{"line":101,"column":24},"end":{"line":101,"column":null}},"37":{"start":{"line":102,"column":2},"end":{"line":102,"column":null}}},"fnMap":{"0":{"name":"calculateTicksAndLabels","decl":{"start":{"line":29,"column":16},"end":{"line":29,"column":40}},"loc":{"start":{"line":29,"column":77},"end":{"line":87,"column":null}},"line":29},"1":{"name":"calculateGridParams","decl":{"start":{"line":94,"column":16},"end":{"line":94,"column":36}},"loc":{"start":{"line":98,"column":2},"end":{"line":103,"column":null}},"line":98}},"branchMap":{"0":{"loc":{"start":{"line":39,"column":23},"end":{"line":41,"column":null}},"type":"cond-expr","locations":[{"start":{"line":40,"column":6},"end":{"line":40,"column":null}},{"start":{"line":41,"column":6},"end":{"line":41,"column":null}}],"line":39},"1":{"loc":{"start":{"line":44,"column":24},"end":{"line":44,"column":null}},"type":"cond-expr","locations":[{"start":{"line":44,"column":37},"end":{"line":44,"column":44}},{"start":{"line":44,"column":44},"end":{"line":44,"column":null}}],"line":44},"2":{"loc":{"start":{"line":44,"column":44},"end":{"line":44,"column":null}},"type":"cond-expr","locations":[{"start":{"line":44,"column":57},"end":{"line":44,"column":63}},{"start":{"line":44,"column":63},"end":{"line":44,"column":null}}],"line":44},"3":{"loc":{"start":{"line":44,"column":63},"end":{"line":44,"column":null}},"type":"cond-expr","locations":[{"start":{"line":44,"column":76},"end":{"line":44,"column":81}},{"start":{"line":44,"column":81},"end":{"line":44,"column":null}}],"line":44},"4":{"loc":{"start":{"line":51,"column":17},"end":{"line":51,"column":null}},"type":"cond-expr","locations":[{"start":{"line":51,"column":24},"end":{"line":51,"column":36}},{"start":{"line":51,"column":36},"end":{"line":51,"column":null}}],"line":51},"5":{"loc":{"start":{"line":56,"column":4},"end":{"line":58,"column":null}},"type":"if","locations":[{"start":{"line":56,"column":4},"end":{"line":58,"column":null}},{"start":{},"end":{}}],"line":56},"6":{"loc":{"start":{"line":64,"column":17},"end":{"line":64,"column":null}},"type":"cond-expr","locations":[{"start":{"line":64,"column":24},"end":{"line":64,"column":36}},{"start":{"line":64,"column":36},"end":{"line":64,"column":null}}],"line":64},"7":{"loc":{"start":{"line":68,"column":4},"end":{"line":70,"column":null}},"type":"if","locations":[{"start":{"line":68,"column":4},"end":{"line":70,"column":null}},{"start":{},"end":{}}],"line":68},"8":{"loc":{"start":{"line":76,"column":17},"end":{"line":76,"column":null}},"type":"cond-expr","locations":[{"start":{"line":76,"column":24},"end":{"line":76,"column":36}},{"start":{"line":76,"column":36},"end":{"line":76,"column":null}}],"line":76},"9":{"loc":{"start":{"line":81,"column":4},"end":{"line":83,"column":null}},"type":"if","locations":[{"start":{"line":81,"column":4},"end":{"line":83,"column":null}},{"start":{},"end":{}}],"line":81}},"s":{"0":1,"1":1,"2":1,"3":1,"4":9,"5":9,"6":9,"7":9,"8":9,"9":9,"10":9,"11":9,"12":9,"13":400,"14":400,"15":400,"16":400,"17":104,"18":9,"19":9,"20":400,"21":400,"22":400,"23":400,"24":104,"25":9,"26":9,"27":400,"28":400,"29":400,"30":400,"31":400,"32":104,"33":9,"34":4,"35":4,"36":4,"37":4},"f":{"0":9,"1":4},"b":{"0":[2,7],"1":[3,6],"2":[1,5],"3":[1,4],"4":[300,100],"5":[104,296],"6":[300,100],"7":[104,296],"8":[300,100],"9":[104,296]},"meta":{"lastBranch":10,"lastFunction":2,"lastStatement":38,"seen":{"s:2:25:2:Infinity":0,"s:3:31:3:Infinity":1,"s:4:34:4:Infinity":2,"s:5:33:5:Infinity":3,"f:29:16:29:40":0,"s:30:31:30:Infinity":4,"s:31:33:31:Infinity":5,"s:33:19:33:Infinity":6,"s:38:27:38:Infinity":7,"s:39:23:41:Infinity":8,"b:40:6:40:Infinity:41:6:41:Infinity":0,"s:44:24:44:Infinity":9,"b:44:37:44:44:44:44:44:Infinity":1,"b:44:57:44:63:44:63:44:Infinity":2,"b:44:76:44:81:44:81:44:Infinity":3,"s:46:33:46:Infinity":10,"s:49:2:59:Infinity":11,"s:49:16:49:30":12,"s:50:17:50:Infinity":13,"s:51:17:51:Infinity":14,"b:51:24:51:36:51:36:51:Infinity":4,"s:53:4:53:Infinity":15,"b:56:4:58:Infinity:undefined:undefined:undefined:undefined":5,"s:56:4:58:Infinity":16,"s:57:6:57:Infinity":17,"s:62:2:71:Infinity":18,"s:62:16:62:30":19,"s:63:17:63:Infinity":20,"s:64:17:64:Infinity":21,"b:64:24:64:36:64:36:64:Infinity":6,"s:66:4:66:Infinity":22,"b:68:4:70:Infinity:undefined:undefined:undefined:undefined":7,"s:68:4:70:Infinity":23,"s:69:6:69:Infinity":24,"s:74:2:84:Infinity":25,"s:74:16:74:30":26,"s:75:17:75:Infinity":27,"s:76:17:76:Infinity":28,"b:76:24:76:36:76:36:76:Infinity":8,"s:78:4:78:Infinity":29,"s:79:4:79:Infinity":30,"b:81:4:83:Infinity:undefined:undefined:undefined:undefined":9,"s:81:4:83:Infinity":31,"s:82:6:82:Infinity":32,"s:86:2:86:Infinity":33,"f:94:16:94:36":1,"s:99:20:99:Infinity":34,"s:100:19:100:Infinity":35,"s:101:24:101:Infinity":36,"s:102:2:102:Infinity":37}}}
,"/home/jsipling/src/github.com/jsipling/GenPrint/src/generators/box.ts": {"path":"/home/jsipling/src/github.com/jsipling/GenPrint/src/generators/box.ts","statementMap":{"0":{"start":{"line":3,"column":47},"end":{"line":108,"column":null}},"1":{"start":{"line":40,"column":22},"end":{"line":40,"column":null}},"2":{"start":{"line":41,"column":22},"end":{"line":41,"column":null}},"3":{"start":{"line":42,"column":21},"end":{"line":42,"column":null}},"4":{"start":{"line":44,"column":8},"end":{"line":44,"column":null}}},"fnMap":{"0":{"name":"(anonymous_0)","decl":{"start":{"line":39,"column":18},"end":{"line":39,"column":19}},"loc":{"start":{"line":39,"column":30},"end":{"line":45,"column":null}},"line":39}},"branchMap":{"0":{"loc":{"start":{"line":40,"column":22},"end":{"line":40,"column":null}},"type":"binary-expr","locations":[{"start":{"line":40,"column":22},"end":{"line":40,"column":49}},{"start":{"line":40,"column":49},"end":{"line":40,"column":null}}],"line":40},"1":{"loc":{"start":{"line":41,"column":22},"end":{"line":41,"column":null}},"type":"binary-expr","locations":[{"start":{"line":41,"column":22},"end":{"line":41,"column":49}},{"start":{"line":41,"column":49},"end":{"line":41,"column":null}}],"line":41},"2":{"loc":{"start":{"line":42,"column":21},"end":{"line":42,"column":null}},"type":"binary-expr","locations":[{"start":{"line":42,"column":21},"end":{"line":42,"column":57}},{"start":{"line":42,"column":57},"end":{"line":42,"column":null}}],"line":42}},"s":{"0":2,"1":0,"2":0,"3":0,"4":0},"f":{"0":0},"b":{"0":[0,0],"1":[0,0],"2":[0,0]},"meta":{"lastBranch":3,"lastFunction":1,"lastStatement":5,"seen":{"s:3:47:108:Infinity":0,"f:39:18:39:19":0,"s:40:22:40:Infinity":1,"b:40:22:40:49:40:49:40:Infinity":0,"s:41:22:41:Infinity":2,"b:41:22:41:49:41:49:41:Infinity":1,"s:42:21:42:Infinity":3,"b:42:21:42:57:42:57:42:Infinity":2,"s:44:8:44:Infinity":4}}}
,"/home/jsipling/src/github.com/jsipling/GenPrint/src/generators/bracket.ts": {"path":"/home/jsipling/src/github.com/jsipling/GenPrint/src/generators/bracket.ts","statementMap":{"0":{"start":{"line":3,"column":51},"end":{"line":78,"column":null}},"1":{"start":{"line":34,"column":22},"end":{"line":34,"column":null}},"2":{"start":{"line":36,"column":8},"end":{"line":36,"column":null}},"3":{"start":{"line":45,"column":26},"end":{"line":45,"column":null}},"4":{"start":{"line":46,"column":26},"end":{"line":46,"column":null}},"5":{"start":{"line":48,"column":8},"end":{"line":48,"column":null}}},"fnMap":{"0":{"name":"(anonymous_0)","decl":{"start":{"line":33,"column":18},"end":{"line":33,"column":19}},"loc":{"start":{"line":33,"column":30},"end":{"line":37,"column":null}},"line":33},"1":{"name":"(anonymous_1)","decl":{"start":{"line":44,"column":18},"end":{"line":44,"column":19}},"loc":{"start":{"line":44,"column":30},"end":{"line":49,"column":null}},"line":44}},"branchMap":{"0":{"loc":{"start":{"line":34,"column":22},"end":{"line":34,"column":null}},"type":"binary-expr","locations":[{"start":{"line":34,"column":22},"end":{"line":34,"column":49}},{"start":{"line":34,"column":49},"end":{"line":34,"column":null}}],"line":34},"1":{"loc":{"start":{"line":45,"column":26},"end":{"line":45,"column":null}},"type":"binary-expr","locations":[{"start":{"line":45,"column":26},"end":{"line":45,"column":58}},{"start":{"line":45,"column":58},"end":{"line":45,"column":null}}],"line":45},"2":{"loc":{"start":{"line":46,"column":26},"end":{"line":46,"column":null}},"type":"binary-expr","locations":[{"start":{"line":46,"column":26},"end":{"line":46,"column":57}},{"start":{"line":46,"column":57},"end":{"line":46,"column":null}}],"line":46}},"s":{"0":2,"1":0,"2":0,"3":0,"4":0,"5":0},"f":{"0":0,"1":0},"b":{"0":[0,0],"1":[0,0],"2":[0,0]},"meta":{"lastBranch":3,"lastFunction":2,"lastStatement":6,"seen":{"s:3:51:78:Infinity":0,"f:33:18:33:19":0,"s:34:22:34:Infinity":1,"b:34:22:34:49:34:49:34:Infinity":0,"s:36:8:36:Infinity":2,"f:44:18:44:19":1,"s:45:26:45:Infinity":3,"b:45:26:45:58:45:58:45:Infinity":1,"s:46:26:46:Infinity":4,"b:46:26:46:57:46:57:46:Infinity":2,"s:48:8:48:Infinity":5}}}
,"/home/jsipling/src/github.com/jsipling/GenPrint/src/generators/gear.ts": {"path":"/home/jsipling/src/github.com/jsipling/GenPrint/src/generators/gear.ts","statementMap":{"0":{"start":{"line":3,"column":48},"end":{"line":108,"column":null}},"1":{"start":{"line":16,"column":20},"end":{"line":16,"column":null}},"2":{"start":{"line":19,"column":26},"end":{"line":19,"column":null}},"3":{"start":{"line":22,"column":32},"end":{"line":22,"column":null}},"4":{"start":{"line":23,"column":8},"end":{"line":23,"column":null}},"5":{"start":{"line":46,"column":22},"end":{"line":46,"column":null}},"6":{"start":{"line":47,"column":20},"end":{"line":47,"column":null}},"7":{"start":{"line":49,"column":29},"end":{"line":49,"column":null}},"8":{"start":{"line":50,"column":8},"end":{"line":50,"column":null}},"9":{"start":{"line":86,"column":33},"end":{"line":86,"column":null}},"10":{"start":{"line":88,"column":12},"end":{"line":88,"column":null}},"11":{"start":{"line":91,"column":26},"end":{"line":91,"column":null}},"12":{"start":{"line":92,"column":24},"end":{"line":92,"column":null}},"13":{"start":{"line":94,"column":33},"end":{"line":94,"column":null}},"14":{"start":{"line":95,"column":12},"end":{"line":95,"column":null}}},"fnMap":{"0":{"name":"(anonymous_0)","decl":{"start":{"line":15,"column":18},"end":{"line":15,"column":19}},"loc":{"start":{"line":15,"column":30},"end":{"line":24,"column":null}},"line":15},"1":{"name":"(anonymous_1)","decl":{"start":{"line":45,"column":18},"end":{"line":45,"column":19}},"loc":{"start":{"line":45,"column":30},"end":{"line":51,"column":null}},"line":45},"2":{"name":"(anonymous_2)","decl":{"start":{"line":85,"column":22},"end":{"line":85,"column":23}},"loc":{"start":{"line":85,"column":34},"end":{"line":89,"column":null}},"line":85},"3":{"name":"(anonymous_3)","decl":{"start":{"line":90,"column":22},"end":{"line":90,"column":23}},"loc":{"start":{"line":90,"column":34},"end":{"line":96,"column":null}},"line":90}},"branchMap":{"0":{"loc":{"start":{"line":16,"column":20},"end":{"line":16,"column":null}},"type":"binary-expr","locations":[{"start":{"line":16,"column":20},"end":{"line":16,"column":48}},{"start":{"line":16,"column":48},"end":{"line":16,"column":null}}],"line":16},"1":{"loc":{"start":{"line":46,"column":22},"end":{"line":46,"column":null}},"type":"binary-expr","locations":[{"start":{"line":46,"column":22},"end":{"line":46,"column":49}},{"start":{"line":46,"column":49},"end":{"line":46,"column":null}}],"line":46},"2":{"loc":{"start":{"line":47,"column":20},"end":{"line":47,"column":null}},"type":"binary-expr","locations":[{"start":{"line":47,"column":20},"end":{"line":47,"column":48}},{"start":{"line":47,"column":48},"end":{"line":47,"column":null}}],"line":47},"3":{"loc":{"start":{"line":86,"column":33},"end":{"line":86,"column":null}},"type":"binary-expr","locations":[{"start":{"line":86,"column":33},"end":{"line":86,"column":68}},{"start":{"line":86,"column":68},"end":{"line":86,"column":null}}],"line":86},"4":{"loc":{"start":{"line":91,"column":26},"end":{"line":91,"column":null}},"type":"binary-expr","locations":[{"start":{"line":91,"column":26},"end":{"line":91,"column":53}},{"start":{"line":91,"column":53},"end":{"line":91,"column":null}}],"line":91},"5":{"loc":{"start":{"line":92,"column":24},"end":{"line":92,"column":null}},"type":"binary-expr","locations":[{"start":{"line":92,"column":24},"end":{"line":92,"column":52}},{"start":{"line":92,"column":52},"end":{"line":92,"column":null}}],"line":92}},"s":{"0":2,"1":0,"2":0,"3":0,"4":0,"5":0,"6":0,"7":0,"8":0,"9":0,"10":0,"11":0,"12":0,"13":0,"14":0},"f":{"0":0,"1":0,"2":0,"3":0},"b":{"0":[0,0],"1":[0,0],"2":[0,0],"3":[0,0],"4":[0,0],"5":[0,0]},"meta":{"lastBranch":6,"lastFunction":4,"lastStatement":15,"seen":{"s:3:48:108:Infinity":0,"f:15:18:15:19":0,"s:16:20:16:Infinity":1,"b:16:20:16:48:16:48:16:Infinity":0,"s:19:26:19:Infinity":2,"s:22:32:22:Infinity":3,"s:23:8:23:Infinity":4,"f:45:18:45:19":1,"s:46:22:46:Infinity":5,"b:46:22:46:49:46:49:46:Infinity":1,"s:47:20:47:Infinity":6,"b:47:20:47:48:47:48:47:Infinity":2,"s:49:29:49:Infinity":7,"s:50:8:50:Infinity":8,"f:85:22:85:23":2,"s:86:33:86:Infinity":9,"b:86:33:86:68:86:68:86:Infinity":3,"s:88:12:88:Infinity":10,"f:90:22:90:23":3,"s:91:26:91:Infinity":11,"b:91:26:91:53:91:53:91:Infinity":4,"s:92:24:92:Infinity":12,"b:92:24:92:52:92:52:92:Infinity":5,"s:94:33:94:Infinity":13,"s:95:12:95:Infinity":14}}}
,"/home/jsipling/src/github.com/jsipling/GenPrint/src/generators/gridfinityBinManifold.ts": {"path":"/home/jsipling/src/github.com/jsipling/GenPrint/src/generators/gridfinityBinManifold.ts","statementMap":{"0":{"start":{"line":9,"column":57},"end":{"line":109,"column":null}},"1":{"start":{"line":81,"column":22},"end":{"line":81,"column":null}},"2":{"start":{"line":83,"column":8},"end":{"line":83,"column":null}},"3":{"start":{"line":96,"column":22},"end":{"line":96,"column":null}},"4":{"start":{"line":98,"column":8},"end":{"line":98,"column":null}}},"fnMap":{"0":{"name":"(anonymous_0)","decl":{"start":{"line":80,"column":18},"end":{"line":80,"column":19}},"loc":{"start":{"line":80,"column":30},"end":{"line":84,"column":null}},"line":80},"1":{"name":"(anonymous_1)","decl":{"start":{"line":95,"column":18},"end":{"line":95,"column":19}},"loc":{"start":{"line":95,"column":30},"end":{"line":99,"column":null}},"line":95}},"branchMap":{"0":{"loc":{"start":{"line":81,"column":22},"end":{"line":81,"column":null}},"type":"binary-expr","locations":[{"start":{"line":81,"column":22},"end":{"line":81,"column":50}},{"start":{"line":81,"column":50},"end":{"line":81,"column":null}}],"line":81},"1":{"loc":{"start":{"line":96,"column":22},"end":{"line":96,"column":null}},"type":"binary-expr","locations":[{"start":{"line":96,"column":22},"end":{"line":96,"column":50}},{"start":{"line":96,"column":50},"end":{"line":96,"column":null}}],"line":96}},"s":{"0":2,"1":0,"2":0,"3":0,"4":0},"f":{"0":0,"1":0},"b":{"0":[0,0],"1":[0,0]},"meta":{"lastBranch":2,"lastFunction":2,"lastStatement":5,"seen":{"s:9:57:109:Infinity":0,"f:80:18:80:19":0,"s:81:22:81:Infinity":1,"b:81:22:81:50:81:50:81:Infinity":0,"s:83:8:83:Infinity":2,"f:95:18:95:19":1,"s:96:22:96:Infinity":3,"b:96:22:96:50:96:50:96:Infinity":1,"s:98:8:98:Infinity":4}}}
,"/home/jsipling/src/github.com/jsipling/GenPrint/src/generators/hook.ts": {"path":"/home/jsipling/src/github.com/jsipling/GenPrint/src/generators/hook.ts","statementMap":{"0":{"start":{"line":3,"column":48},"end":{"line":46,"column":null}},"1":{"start":{"line":40,"column":26},"end":{"line":40,"column":null}},"2":{"start":{"line":42,"column":8},"end":{"line":42,"column":null}}},"fnMap":{"0":{"name":"(anonymous_0)","decl":{"start":{"line":39,"column":18},"end":{"line":39,"column":19}},"loc":{"start":{"line":39,"column":30},"end":{"line":43,"column":null}},"line":39}},"branchMap":{"0":{"loc":{"start":{"line":40,"column":26},"end":{"line":40,"column":null}},"type":"binary-expr","locations":[{"start":{"line":40,"column":26},"end":{"line":40,"column":57}},{"start":{"line":40,"column":57},"end":{"line":40,"column":null}}],"line":40}},"s":{"0":2,"1":0,"2":0},"f":{"0":0},"b":{"0":[0,0]},"meta":{"lastBranch":1,"lastFunction":1,"lastStatement":3,"seen":{"s:3:48:46:Infinity":0,"f:39:18:39:19":0,"s:40:26:40:Infinity":1,"b:40:26:40:57:40:57:40:Infinity":0,"s:42:8:42:Infinity":2}}}
,"/home/jsipling/src/github.com/jsipling/GenPrint/src/generators/index.ts": {"path":"/home/jsipling/src/github.com/jsipling/GenPrint/src/generators/index.ts","statementMap":{"0":{"start":{"line":12,"column":39},"end":{"line":22,"column":null}}},"fnMap":{},"branchMap":{},"s":{"0":2},"f":{},"b":{},"meta":{"lastBranch":0,"lastFunction":0,"lastStatement":1,"seen":{"s:12:39:22:Infinity":0}}}
,"/home/jsipling/src/github.com/jsipling/GenPrint/src/generators/sign.ts": {"path":"/home/jsipling/src/github.com/jsipling/GenPrint/src/generators/sign.ts","statementMap":{"0":{"start":{"line":3,"column":48},"end":{"line":48,"column":null}}},"fnMap":{},"branchMap":{},"s":{"0":2},"f":{},"b":{},"meta":{"lastBranch":0,"lastFunction":0,"lastStatement":1,"seen":{"s:3:48:48:Infinity":0}}}
,"/home/jsipling/src/github.com/jsipling/GenPrint/src/generators/spacer.ts": {"path":"/home/jsipling/src/github.com/jsipling/GenPrint/src/generators/spacer.ts","statementMap":{"0":{"start":{"line":3,"column":50},"end":{"line":39,"column":null}},"1":{"start":{"line":16,"column":26},"end":{"line":16,"column":null}},"2":{"start":{"line":18,"column":8},"end":{"line":18,"column":null}},"3":{"start":{"line":27,"column":30},"end":{"line":27,"column":null}},"4":{"start":{"line":29,"column":8},"end":{"line":29,"column":null}}},"fnMap":{"0":{"name":"(anonymous_0)","decl":{"start":{"line":15,"column":18},"end":{"line":15,"column":19}},"loc":{"start":{"line":15,"column":30},"end":{"line":19,"column":null}},"line":15},"1":{"name":"(anonymous_1)","decl":{"start":{"line":26,"column":18},"end":{"line":26,"column":19}},"loc":{"start":{"line":26,"column":30},"end":{"line":30,"column":null}},"line":26}},"branchMap":{"0":{"loc":{"start":{"line":16,"column":26},"end":{"line":16,"column":null}},"type":"binary-expr","locations":[{"start":{"line":16,"column":26},"end":{"line":16,"column":58}},{"start":{"line":16,"column":58},"end":{"line":16,"column":null}}],"line":16},"1":{"loc":{"start":{"line":27,"column":30},"end":{"line":27,"column":null}},"type":"binary-expr","locations":[{"start":{"line":27,"column":30},"end":{"line":27,"column":66}},{"start":{"line":27,"column":66},"end":{"line":27,"column":null}}],"line":27}},"s":{"0":2,"1":0,"2":0,"3":0,"4":0},"f":{"0":0,"1":0},"b":{"0":[0,0],"1":[0,0]},"meta":{"lastBranch":2,"lastFunction":2,"lastStatement":5,"seen":{"s:3:50:39:Infinity":0,"f:15:18:15:19":0,"s:16:26:16:Infinity":1,"b:16:26:16:58:16:58:16:Infinity":0,"s:18:8:18:Infinity":2,"f:26:18:26:19":1,"s:27:30:27:Infinity":3,"b:27:30:27:66:27:66:27:Infinity":1,"s:29:8:29:Infinity":4}}}
,"/home/jsipling/src/github.com/jsipling/GenPrint/src/generators/thumbKnob.ts": {"path":"/home/jsipling/src/github.com/jsipling/GenPrint/src/generators/thumbKnob.ts","statementMap":{"0":{"start":{"line":3,"column":53},"end":{"line":68,"column":null}},"1":{"start":{"line":28,"column":49},"end":{"line":30,"column":null}},"2":{"start":{"line":31,"column":21},"end":{"line":31,"column":null}},"3":{"start":{"line":32,"column":20},"end":{"line":32,"column":null}},"4":{"start":{"line":33,"column":24},"end":{"line":33,"column":null}},"5":{"start":{"line":35,"column":14},"end":{"line":35,"column":null}},"6":{"start":{"line":36,"column":8},"end":{"line":36,"column":null}}},"fnMap":{"0":{"name":"(anonymous_0)","decl":{"start":{"line":26,"column":18},"end":{"line":26,"column":19}},"loc":{"start":{"line":26,"column":30},"end":{"line":37,"column":null}},"line":26}},"branchMap":{"0":{"loc":{"start":{"line":31,"column":21},"end":{"line":31,"column":null}},"type":"binary-expr","locations":[{"start":{"line":31,"column":21},"end":{"line":31,"column":53}},{"start":{"line":31,"column":53},"end":{"line":31,"column":null}}],"line":31},"1":{"loc":{"start":{"line":32,"column":20},"end":{"line":32,"column":null}},"type":"binary-expr","locations":[{"start":{"line":32,"column":20},"end":{"line":32,"column":51}},{"start":{"line":32,"column":51},"end":{"line":32,"column":null}}],"line":32},"2":{"loc":{"start":{"line":33,"column":24},"end":{"line":33,"column":null}},"type":"binary-expr","locations":[{"start":{"line":33,"column":24},"end":{"line":33,"column":42}},{"start":{"line":33,"column":42},"end":{"line":33,"column":null}}],"line":33}},"s":{"0":2,"1":0,"2":0,"3":0,"4":0,"5":0,"6":0},"f":{"0":0},"b":{"0":[0,0],"1":[0,0],"2":[0,0]},"meta":{"lastBranch":3,"lastFunction":1,"lastStatement":7,"seen":{"s:3:53:68:Infinity":0,"f:26:18:26:19":0,"s:28:49:30:Infinity":1,"s:31:21:31:Infinity":2,"b:31:21:31:53:31:53:31:Infinity":0,"s:32:20:32:Infinity":3,"b:32:20:32:51:32:51:32:Infinity":1,"s:33:24:33:Infinity":4,"b:33:24:33:42:33:42:33:Infinity":2,"s:35:14:35:Infinity":5,"s:36:8:36:Infinity":6}}}
,"/home/jsipling/src/github.com/jsipling/GenPrint/src/generators/types.ts": {"path":"/home/jsipling/src/github.com/jsipling/GenPrint/src/generators/types.ts","statementMap":{"0":{"start":{"line":48,"column":2},"end":{"line":48,"column":null}},"1":{"start":{"line":52,"column":2},"end":{"line":52,"column":null}},"2":{"start":{"line":56,"column":2},"end":{"line":56,"column":null}},"3":{"start":{"line":60,"column":2},"end":{"line":60,"column":null}},"4":{"start":{"line":100,"column":2},"end":{"line":100,"column":null}},"5":{"start":{"line":108,"column":33},"end":{"line":108,"column":null}},"6":{"start":{"line":109,"column":2},"end":{"line":114,"column":null}},"7":{"start":{"line":110,"column":4},"end":{"line":110,"column":null}},"8":{"start":{"line":111,"column":4},"end":{"line":113,"column":null}},"9":{"start":{"line":112,"column":6},"end":{"line":112,"column":null}},"10":{"start":{"line":115,"column":2},"end":{"line":115,"column":null}}},"fnMap":{"0":{"name":"isNumberParam","decl":{"start":{"line":47,"column":16},"end":{"line":47,"column":30}},"loc":{"start":{"line":47,"column":80},"end":{"line":49,"column":null}},"line":47},"1":{"name":"isStringParam","decl":{"start":{"line":51,"column":16},"end":{"line":51,"column":30}},"loc":{"start":{"line":51,"column":80},"end":{"line":53,"column":null}},"line":51},"2":{"name":"isSelectParam","decl":{"start":{"line":55,"column":16},"end":{"line":55,"column":30}},"loc":{"start":{"line":55,"column":80},"end":{"line":57,"column":null}},"line":55},"3":{"name":"isBooleanParam","decl":{"start":{"line":59,"column":16},"end":{"line":59,"column":31}},"loc":{"start":{"line":59,"column":82},"end":{"line":61,"column":null}},"line":59},"4":{"name":"isManifoldGenerator","decl":{"start":{"line":99,"column":16},"end":{"line":99,"column":36}},"loc":{"start":{"line":99,"column":78},"end":{"line":101,"column":null}},"line":99},"5":{"name":"flattenParameters","decl":{"start":{"line":107,"column":16},"end":{"line":107,"column":34}},"loc":{"start":{"line":107,"column":74},"end":{"line":116,"column":null}},"line":107}},"branchMap":{"0":{"loc":{"start":{"line":111,"column":4},"end":{"line":113,"column":null}},"type":"if","locations":[{"start":{"line":111,"column":4},"end":{"line":113,"column":null}},{"start":{},"end":{}}],"line":111},"1":{"loc":{"start":{"line":111,"column":8},"end":{"line":111,"column":49}},"type":"binary-expr","locations":[{"start":{"line":111,"column":8},"end":{"line":111,"column":33}},{"start":{"line":111,"column":33},"end":{"line":111,"column":49}}],"line":111}},"s":{"0":0,"1":6,"2":6,"3":41,"4":0,"5":15,"6":15,"7":31,"8":31,"9":4,"10":15},"f":{"0":0,"1":6,"2":6,"3":41,"4":0,"5":15},"b":{"0":[4,27],"1":[31,5]},"meta":{"lastBranch":2,"lastFunction":6,"lastStatement":11,"seen":{"f:47:16:47:30":0,"s:48:2:48:Infinity":0,"f:51:16:51:30":1,"s:52:2:52:Infinity":1,"f:55:16:55:30":2,"s:56:2:56:Infinity":2,"f:59:16:59:31":3,"s:60:2:60:Infinity":3,"f:99:16:99:36":4,"s:100:2:100:Infinity":4,"f:107:16:107:34":5,"s:108:33:108:Infinity":5,"s:109:2:114:Infinity":6,"s:110:4:110:Infinity":7,"b:111:4:113:Infinity:undefined:undefined:undefined:undefined":0,"s:111:4:113:Infinity":8,"b:111:8:111:33:111:33:111:49":1,"s:112:6:112:Infinity":9,"s:115:2:115:Infinity":10}}}
,"/home/jsipling/src/github.com/jsipling/GenPrint/src/generators/washer.ts": {"path":"/home/jsipling/src/github.com/jsipling/GenPrint/src/generators/washer.ts","statementMap":{"0":{"start":{"line":3,"column":50},"end":{"line":39,"column":null}},"1":{"start":{"line":16,"column":23},"end":{"line":16,"column":null}},"2":{"start":{"line":18,"column":8},"end":{"line":18,"column":null}},"3":{"start":{"line":27,"column":23},"end":{"line":27,"column":null}},"4":{"start":{"line":29,"column":8},"end":{"line":29,"column":null}}},"fnMap":{"0":{"name":"(anonymous_0)","decl":{"start":{"line":15,"column":18},"end":{"line":15,"column":19}},"loc":{"start":{"line":15,"column":30},"end":{"line":19,"column":null}},"line":15},"1":{"name":"(anonymous_1)","decl":{"start":{"line":26,"column":18},"end":{"line":26,"column":19}},"loc":{"start":{"line":26,"column":30},"end":{"line":30,"column":null}},"line":26}},"branchMap":{"0":{"loc":{"start":{"line":16,"column":23},"end":{"line":16,"column":null}},"type":"binary-expr","locations":[{"start":{"line":16,"column":23},"end":{"line":16,"column":59}},{"start":{"line":16,"column":59},"end":{"line":16,"column":null}}],"line":16},"1":{"loc":{"start":{"line":27,"column":23},"end":{"line":27,"column":null}},"type":"binary-expr","locations":[{"start":{"line":27,"column":23},"end":{"line":27,"column":59}},{"start":{"line":27,"column":59},"end":{"line":27,"column":null}}],"line":27}},"s":{"0":2,"1":0,"2":0,"3":0,"4":0},"f":{"0":0,"1":0},"b":{"0":[0,0],"1":[0,0]},"meta":{"lastBranch":2,"lastFunction":2,"lastStatement":5,"seen":{"s:3:50:39:Infinity":0,"f:15:18:15:19":0,"s:16:23:16:Infinity":1,"b:16:23:16:59:16:59:16:Infinity":0,"s:18:8:18:Infinity":2,"f:26:18:26:19":1,"s:27:23:27:Infinity":3,"b:27:23:27:59:27:59:27:Infinity":1,"s:29:8:29:Infinity":4}}}
,"/home/jsipling/src/github.com/jsipling/GenPrint/src/lib/meshToStl.ts": {"path":"/home/jsipling/src/github.com/jsipling/GenPrint/src/lib/meshToStl.ts","statementMap":{"0":{"start":{"line":15,"column":33},"end":{"line":15,"column":null}},"1":{"start":{"line":18,"column":23},"end":{"line":18,"column":null}},"2":{"start":{"line":28,"column":18},"end":{"line":28,"column":null}},"3":{"start":{"line":29,"column":17},"end":{"line":29,"column":null}},"4":{"start":{"line":30,"column":15},"end":{"line":30,"column":null}},"5":{"start":{"line":33,"column":17},"end":{"line":33,"column":null}},"6":{"start":{"line":34,"column":2},"end":{"line":36,"column":null}},"7":{"start":{"line":34,"column":15},"end":{"line":34,"column":18}},"8":{"start":{"line":35,"column":4},"end":{"line":35,"column":null}},"9":{"start":{"line":39,"column":2},"end":{"line":39,"column":null}},"10":{"start":{"line":41,"column":15},"end":{"line":41,"column":null}},"11":{"start":{"line":43,"column":2},"end":{"line":94,"column":null}},"12":{"start":{"line":43,"column":15},"end":{"line":43,"column":18}},"13":{"start":{"line":44,"column":15},"end":{"line":44,"column":null}},"14":{"start":{"line":45,"column":15},"end":{"line":45,"column":null}},"15":{"start":{"line":46,"column":15},"end":{"line":46,"column":null}},"16":{"start":{"line":49,"column":16},"end":{"line":49,"column":null}},"17":{"start":{"line":50,"column":16},"end":{"line":50,"column":null}},"18":{"start":{"line":51,"column":16},"end":{"line":51,"column":null}},"19":{"start":{"line":52,"column":16},"end":{"line":52,"column":null}},"20":{"start":{"line":53,"column":16},"end":{"line":53,"column":null}},"21":{"start":{"line":54,"column":16},"end":{"line":54,"column":null}},"22":{"start":{"line":55,"column":16},"end":{"line":55,"column":null}},"23":{"start":{"line":56,"column":16},"end":{"line":56,"column":null}},"24":{"start":{"line":57,"column":16},"end":{"line":57,"column":null}},"25":{"start":{"line":60,"column":16},"end":{"line":60,"column":27}},"26":{"start":{"line":60,"column":33},"end":{"line":60,"column":44}},"27":{"start":{"line":60,"column":50},"end":{"line":60,"column":null}},"28":{"start":{"line":61,"column":16},"end":{"line":61,"column":27}},"29":{"start":{"line":61,"column":33},"end":{"line":61,"column":44}},"30":{"start":{"line":61,"column":50},"end":{"line":61,"column":null}},"31":{"start":{"line":62,"column":13},"end":{"line":62,"column":null}},"32":{"start":{"line":63,"column":13},"end":{"line":63,"column":null}},"33":{"start":{"line":64,"column":13},"end":{"line":64,"column":null}},"34":{"start":{"line":65,"column":16},"end":{"line":65,"column":null}},"35":{"start":{"line":66,"column":4},"end":{"line":70,"column":null}},"36":{"start":{"line":67,"column":6},"end":{"line":67,"column":null}},"37":{"start":{"line":68,"column":6},"end":{"line":68,"column":null}},"38":{"start":{"line":69,"column":6},"end":{"line":69,"column":null}},"39":{"start":{"line":73,"column":4},"end":{"line":73,"column":39}},"40":{"start":{"line":73,"column":39},"end":{"line":73,"column":null}},"41":{"start":{"line":74,"column":4},"end":{"line":74,"column":39}},"42":{"start":{"line":74,"column":39},"end":{"line":74,"column":null}},"43":{"start":{"line":75,"column":4},"end":{"line":75,"column":39}},"44":{"start":{"line":75,"column":39},"end":{"line":75,"column":null}},"45":{"start":{"line":78,"column":4},"end":{"line":78,"column":40}},"46":{"start":{"line":78,"column":40},"end":{"line":78,"column":null}},"47":{"start":{"line":79,"column":4},"end":{"line":79,"column":40}},"48":{"start":{"line":79,"column":40},"end":{"line":79,"column":null}},"49":{"start":{"line":80,"column":4},"end":{"line":80,"column":40}},"50":{"start":{"line":80,"column":40},"end":{"line":80,"column":null}},"51":{"start":{"line":83,"column":4},"end":{"line":83,"column":40}},"52":{"start":{"line":83,"column":40},"end":{"line":83,"column":null}},"53":{"start":{"line":84,"column":4},"end":{"line":84,"column":40}},"54":{"start":{"line":84,"column":40},"end":{"line":84,"column":null}},"55":{"start":{"line":85,"column":4},"end":{"line":85,"column":40}},"56":{"start":{"line":85,"column":40},"end":{"line":85,"column":null}},"57":{"start":{"line":88,"column":4},"end":{"line":88,"column":40}},"58":{"start":{"line":88,"column":40},"end":{"line":88,"column":null}},"59":{"start":{"line":89,"column":4},"end":{"line":89,"column":40}},"60":{"start":{"line":89,"column":40},"end":{"line":89,"column":null}},"61":{"start":{"line":90,"column":4},"end":{"line":90,"column":40}},"62":{"start":{"line":90,"column":40},"end":{"line":90,"column":null}},"63":{"start":{"line":93,"column":4},"end":{"line":93,"column":37}},"64":{"start":{"line":93,"column":37},"end":{"line":93,"column":null}},"65":{"start":{"line":96,"column":2},"end":{"line":96,"column":null}}},"fnMap":{"0":{"name":"meshToStl","decl":{"start":{"line":14,"column":16},"end":{"line":14,"column":26}},"loc":{"start":{"line":14,"column":52},"end":{"line":97,"column":null}},"line":14}},"branchMap":{"0":{"loc":{"start":{"line":34,"column":18},"end":{"line":34,"column":47}},"type":"binary-expr","locations":[{"start":{"line":34,"column":18},"end":{"line":34,"column":39}},{"start":{"line":34,"column":39},"end":{"line":34,"column":47}}],"line":34},"1":{"loc":{"start":{"line":66,"column":4},"end":{"line":70,"column":null}},"type":"if","locations":[{"start":{"line":66,"column":4},"end":{"line":70,"column":null}},{"start":{},"end":{}}],"line":66}},"s":{"0":0,"1":0,"2":0,"3":0,"4":0,"5":0,"6":0,"7":0,"8":0,"9":0,"10":0,"11":0,"12":0,"13":0,"14":0,"15":0,"16":0,"17":0,"18":0,"19":0,"20":0,"21":0,"22":0,"23":0,"24":0,"25":0,"26":0,"27":0,"28":0,"29":0,"30":0,"31":0,"32":0,"33":0,"34":0,"35":0,"36":0,"37":0,"38":0,"39":0,"40":0,"41":0,"42":0,"43":0,"44":0,"45":0,"46":0,"47":0,"48":0,"49":0,"50":0,"51":0,"52":0,"53":0,"54":0,"55":0,"56":0,"57":0,"58":0,"59":0,"60":0,"61":0,"62":0,"63":0,"64":0,"65":0},"f":{"0":0},"b":{"0":[0,0],"1":[0,0]},"meta":{"lastBranch":2,"lastFunction":1,"lastStatement":66,"seen":{"f:14:16:14:26":0,"s:15:33:15:Infinity":0,"s:18:23:18:Infinity":1,"s:28:18:28:Infinity":2,"s:29:17:29:Infinity":3,"s:30:15:30:Infinity":4,"s:33:17:33:Infinity":5,"s:34:2:36:Infinity":6,"s:34:15:34:18":7,"b:34:18:34:39:34:39:34:47":0,"s:35:4:35:Infinity":8,"s:39:2:39:Infinity":9,"s:41:15:41:Infinity":10,"s:43:2:94:Infinity":11,"s:43:15:43:18":12,"s:44:15:44:Infinity":13,"s:45:15:45:Infinity":14,"s:46:15:46:Infinity":15,"s:49:16:49:Infinity":16,"s:50:16:50:Infinity":17,"s:51:16:51:Infinity":18,"s:52:16:52:Infinity":19,"s:53:16:53:Infinity":20,"s:54:16:54:Infinity":21,"s:55:16:55:Infinity":22,"s:56:16:56:Infinity":23,"s:57:16:57:Infinity":24,"s:60:16:60:27":25,"s:60:33:60:44":26,"s:60:50:60:Infinity":27,"s:61:16:61:27":28,"s:61:33:61:44":29,"s:61:50:61:Infinity":30,"s:62:13:62:Infinity":31,"s:63:13:63:Infinity":32,"s:64:13:64:Infinity":33,"s:65:16:65:Infinity":34,"b:66:4:70:Infinity:undefined:undefined:undefined:undefined":1,"s:66:4:70:Infinity":35,"s:67:6:67:Infinity":36,"s:68:6:68:Infinity":37,"s:69:6:69:Infinity":38,"s:73:4:73:39":39,"s:73:39:73:Infinity":40,"s:74:4:74:39":41,"s:74:39:74:Infinity":42,"s:75:4:75:39":43,"s:75:39:75:Infinity":44,"s:78:4:78:40":45,"s:78:40:78:Infinity":46,"s:79:4:79:40":47,"s:79:40:79:Infinity":48,"s:80:4:80:40":49,"s:80:40:80:Infinity":50,"s:83:4:83:40":51,"s:83:40:83:Infinity":52,"s:84:4:84:40":53,"s:84:40:84:Infinity":54,"s:85:4:85:40":55,"s:85:40:85:Infinity":56,"s:88:4:88:40":57,"s:88:40:88:Infinity":58,"s:89:4:89:40":59,"s:89:40:89:Infinity":60,"s:90:4:90:40":61,"s:90:40:90:Infinity":62,"s:93:4:93:37":63,"s:93:37:93:Infinity":64,"s:96:2:96:Infinity":65}}}
}
